<?xml version="1.0" encoding="UTF-8"?>
<coverage generated="1747065739952" clover="3.2.0">
  <project timestamp="1747065739952" name="All files">
    <metrics statements="282" coveredstatements="179" conditionals="23" coveredconditionals="14" methods="42" coveredmethods="15" elements="347" coveredelements="208" complexity="0" loc="282" ncloc="282" packages="7" files="15" classes="15"/>
    <package name="config">
      <metrics statements="6" coveredstatements="6" conditionals="0" coveredconditionals="0" methods="1" coveredmethods="1"/>
      <file name="nodemailer.ts" path="D:\Usuario_OLD\COMPUCENTER-DM\Documents\Tecnologias_lenguajes\_backend\FullStack_Node.js_React_TS_NestJS_Next.js_Creando_Proyectos\proyectos\CASHTRACKR\Backend\src\config\nodemailer.ts">
        <metrics statements="6" coveredstatements="6" conditionals="0" coveredconditionals="0" methods="1" coveredmethods="1"/>
        <line num="2" count="1" type="stmt"/>
        <line num="3" count="1" type="stmt"/>
        <line num="4" count="1" type="stmt"/>
        <line num="6" count="1" type="stmt"/>
        <line num="7" count="1" type="stmt"/>
        <line num="16" count="1" type="stmt"/>
      </file>
    </package>
    <package name="controllers">
      <metrics statements="159" coveredstatements="93" conditionals="10" coveredconditionals="4" methods="18" coveredmethods="11"/>
      <file name="AuthController.ts" path="D:\Usuario_OLD\COMPUCENTER-DM\Documents\Tecnologias_lenguajes\_backend\FullStack_Node.js_React_TS_NestJS_Next.js_Creando_Proyectos\proyectos\CASHTRACKR\Backend\src\controllers\AuthController.ts">
        <metrics statements="112" coveredstatements="46" conditionals="10" coveredconditionals="4" methods="9" coveredmethods="2"/>
        <line num="2" count="1" type="stmt"/>
        <line num="3" count="1" type="stmt"/>
        <line num="4" count="1" type="stmt"/>
        <line num="5" count="1" type="stmt"/>
        <line num="6" count="1" type="stmt"/>
        <line num="8" count="1" type="stmt"/>
        <line num="9" count="1" type="stmt"/>
        <line num="10" count="2" type="stmt"/>
        <line num="12" count="2" type="stmt"/>
        <line num="14" count="2" type="cond" truecount="1" falsecount="0"/>
        <line num="15" count="1" type="stmt"/>
        <line num="16" count="1" type="stmt"/>
        <line num="17" count="1" type="stmt"/>
        <line num="19" count="1" type="stmt"/>
        <line num="20" count="1" type="stmt"/>
        <line num="22" count="1" type="stmt"/>
        <line num="24" count="1" type="stmt"/>
        <line num="25" count="1" type="stmt"/>
        <line num="27" count="1" type="stmt"/>
        <line num="32" count="1" type="stmt"/>
        <line num="33" count="1" type="stmt"/>
        <line num="35" count="0" type="stmt"/>
        <line num="36" count="0" type="stmt"/>
        <line num="37" count="0" type="stmt"/>
        <line num="41" count="1" type="stmt"/>
        <line num="43" count="0" type="stmt"/>
        <line num="45" count="0" type="stmt"/>
        <line num="46" count="0" type="stmt"/>
        <line num="47" count="0" type="cond" truecount="0" falsecount="1"/>
        <line num="48" count="0" type="stmt"/>
        <line num="49" count="0" type="stmt"/>
        <line num="50" count="0" type="stmt"/>
        <line num="52" count="0" type="stmt"/>
        <line num="54" count="0" type="stmt"/>
        <line num="55" count="0" type="stmt"/>
        <line num="56" count="0" type="stmt"/>
        <line num="58" count="0" type="stmt"/>
        <line num="59" count="0" type="stmt"/>
        <line num="60" count="0" type="stmt"/>
        <line num="63" count="1" type="stmt"/>
        <line num="64" count="4" type="stmt"/>
        <line num="66" count="4" type="stmt"/>
        <line num="67" count="4" type="cond" truecount="1" falsecount="0"/>
        <line num="68" count="1" type="stmt"/>
        <line num="69" count="1" type="stmt"/>
        <line num="70" count="1" type="stmt"/>
        <line num="74" count="3" type="cond" truecount="1" falsecount="0"/>
        <line num="75" count="1" type="stmt"/>
        <line num="76" count="1" type="stmt"/>
        <line num="77" count="1" type="stmt"/>
        <line num="80" count="2" type="stmt"/>
        <line num="81" count="2" type="cond" truecount="1" falsecount="0"/>
        <line num="82" count="1" type="stmt"/>
        <line num="83" count="1" type="stmt"/>
        <line num="84" count="1" type="stmt"/>
        <line num="87" count="1" type="stmt"/>
        <line num="88" count="1" type="stmt"/>
        <line num="91" count="1" type="stmt"/>
        <line num="92" count="0" type="stmt"/>
        <line num="94" count="0" type="stmt"/>
        <line num="95" count="0" type="cond" truecount="0" falsecount="1"/>
        <line num="96" count="0" type="stmt"/>
        <line num="97" count="0" type="stmt"/>
        <line num="98" count="0" type="stmt"/>
        <line num="100" count="0" type="stmt"/>
        <line num="101" count="0" type="stmt"/>
        <line num="104" count="0" type="stmt"/>
        <line num="109" count="0" type="stmt"/>
        <line num="112" count="1" type="stmt"/>
        <line num="113" count="0" type="stmt"/>
        <line num="115" count="0" type="stmt"/>
        <line num="116" count="0" type="cond" truecount="0" falsecount="1"/>
        <line num="117" count="0" type="stmt"/>
        <line num="118" count="0" type="stmt"/>
        <line num="119" count="0" type="stmt"/>
        <line num="121" count="0" type="stmt"/>
        <line num="124" count="1" type="stmt"/>
        <line num="125" count="0" type="stmt"/>
        <line num="126" count="0" type="stmt"/>
        <line num="129" count="0" type="stmt"/>
        <line num="130" count="0" type="cond" truecount="0" falsecount="1"/>
        <line num="131" count="0" type="stmt"/>
        <line num="132" count="0" type="stmt"/>
        <line num="133" count="0" type="stmt"/>
        <line num="136" count="0" type="stmt"/>
        <line num="138" count="0" type="stmt"/>
        <line num="139" count="0" type="stmt"/>
        <line num="140" count="0" type="stmt"/>
        <line num="143" count="1" type="stmt"/>
        <line num="144" count="0" type="stmt"/>
        <line num="147" count="1" type="stmt"/>
        <line num="148" count="0" type="stmt"/>
        <line num="149" count="0" type="stmt"/>
        <line num="150" count="0" type="stmt"/>
        <line num="152" count="0" type="stmt"/>
        <line num="153" count="0" type="cond" truecount="0" falsecount="1"/>
        <line num="154" count="0" type="stmt"/>
        <line num="155" count="0" type="stmt"/>
        <line num="156" count="0" type="stmt"/>
        <line num="159" count="0" type="stmt"/>
        <line num="160" count="0" type="stmt"/>
        <line num="161" count="0" type="stmt"/>
        <line num="164" count="1" type="stmt"/>
        <line num="165" count="0" type="stmt"/>
        <line num="166" count="0" type="stmt"/>
        <line num="168" count="0" type="stmt"/>
        <line num="170" count="0" type="stmt"/>
        <line num="171" count="0" type="cond" truecount="0" falsecount="1"/>
        <line num="172" count="0" type="stmt"/>
        <line num="173" count="0" type="stmt"/>
        <line num="174" count="0" type="stmt"/>
        <line num="176" count="0" type="stmt"/>
      </file>
      <file name="BudgetController.ts" path="D:\Usuario_OLD\COMPUCENTER-DM\Documents\Tecnologias_lenguajes\_backend\FullStack_Node.js_React_TS_NestJS_Next.js_Creando_Proyectos\proyectos\CASHTRACKR\Backend\src\controllers\BudgetController.ts">
        <metrics statements="28" coveredstatements="28" conditionals="0" coveredconditionals="0" methods="5" coveredmethods="5"/>
        <line num="2" count="1" type="stmt"/>
        <line num="3" count="1" type="stmt"/>
        <line num="4" count="1" type="stmt"/>
        <line num="5" count="1" type="stmt"/>
        <line num="7" count="4" type="stmt"/>
        <line num="8" count="4" type="stmt"/>
        <line num="17" count="3" type="stmt"/>
        <line num="19" count="1" type="stmt"/>
        <line num="20" count="1" type="stmt"/>
        <line num="23" count="1" type="stmt"/>
        <line num="25" count="3" type="stmt"/>
        <line num="28" count="3" type="stmt"/>
        <line num="30" count="1" type="stmt"/>
        <line num="31" count="2" type="stmt"/>
        <line num="32" count="2" type="stmt"/>
        <line num="34" count="1" type="stmt"/>
        <line num="35" count="1" type="stmt"/>
        <line num="36" count="1" type="stmt"/>
        <line num="38" count="1" type="stmt"/>
        <line num="39" count="1" type="stmt"/>
        <line num="42" count="1" type="stmt"/>
        <line num="43" count="1" type="stmt"/>
        <line num="44" count="1" type="stmt"/>
        <line num="45" count="1" type="stmt"/>
        <line num="47" count="1" type="stmt"/>
        <line num="48" count="1" type="stmt"/>
        <line num="49" count="1" type="stmt"/>
        <line num="50" count="1" type="stmt"/>
      </file>
      <file name="ExpenseController.ts" path="D:\Usuario_OLD\COMPUCENTER-DM\Documents\Tecnologias_lenguajes\_backend\FullStack_Node.js_React_TS_NestJS_Next.js_Creando_Proyectos\proyectos\CASHTRACKR\Backend\src\controllers\ExpenseController.ts">
        <metrics statements="19" coveredstatements="19" conditionals="0" coveredconditionals="0" methods="4" coveredmethods="4"/>
        <line num="2" count="1" type="stmt"/>
        <line num="3" count="1" type="stmt"/>
        <line num="4" count="1" type="stmt"/>
        <line num="5" count="2" type="stmt"/>
        <line num="6" count="2" type="stmt"/>
        <line num="7" count="1" type="stmt"/>
        <line num="8" count="1" type="stmt"/>
        <line num="9" count="1" type="stmt"/>
        <line num="11" count="1" type="stmt"/>
        <line num="12" count="1" type="stmt"/>
        <line num="13" count="1" type="stmt"/>
        <line num="17" count="1" type="stmt"/>
        <line num="19" count="1" type="stmt"/>
        <line num="21" count="1" type="stmt"/>
        <line num="22" count="1" type="stmt"/>
        <line num="23" count="1" type="stmt"/>
        <line num="25" count="1" type="stmt"/>
        <line num="26" count="1" type="stmt"/>
        <line num="27" count="1" type="stmt"/>
      </file>
    </package>
    <package name="emails">
      <metrics statements="8" coveredstatements="4" conditionals="0" coveredconditionals="0" methods="2" coveredmethods="0"/>
      <file name="AuthEmail.ts" path="D:\Usuario_OLD\COMPUCENTER-DM\Documents\Tecnologias_lenguajes\_backend\FullStack_Node.js_React_TS_NestJS_Next.js_Creando_Proyectos\proyectos\CASHTRACKR\Backend\src\emails\AuthEmail.ts">
        <metrics statements="8" coveredstatements="4" conditionals="0" coveredconditionals="0" methods="2" coveredmethods="0"/>
        <line num="1" count="1" type="stmt"/>
        <line num="7" count="1" type="stmt"/>
        <line num="8" count="1" type="stmt"/>
        <line num="9" count="0" type="stmt"/>
        <line num="20" count="0" type="stmt"/>
        <line num="23" count="1" type="stmt"/>
        <line num="24" count="0" type="stmt"/>
        <line num="34" count="0" type="stmt"/>
      </file>
    </package>
    <package name="middleware">
      <metrics statements="61" coveredstatements="40" conditionals="5" coveredconditionals="3" methods="11" coveredmethods="3"/>
      <file name="budget.ts" path="D:\Usuario_OLD\COMPUCENTER-DM\Documents\Tecnologias_lenguajes\_backend\FullStack_Node.js_React_TS_NestJS_Next.js_Creando_Proyectos\proyectos\CASHTRACKR\Backend\src\middleware\budget.ts">
        <metrics statements="34" coveredstatements="23" conditionals="3" coveredconditionals="2" methods="6" coveredmethods="2"/>
        <line num="2" count="2" type="stmt"/>
        <line num="3" count="2" type="stmt"/>
        <line num="13" count="2" type="stmt"/>
        <line num="14" count="0" type="stmt"/>
        <line num="16" count="0" type="stmt"/>
        <line num="19" count="0" type="stmt"/>
        <line num="20" count="0" type="cond" truecount="0" falsecount="1"/>
        <line num="21" count="0" type="stmt"/>
        <line num="22" count="0" type="stmt"/>
        <line num="25" count="0" type="stmt"/>
        <line num="28" count="2" type="stmt"/>
        <line num="29" count="3" type="stmt"/>
        <line num="30" count="3" type="stmt"/>
        <line num="31" count="3" type="stmt"/>
        <line num="32" count="2" type="cond" truecount="1" falsecount="0"/>
        <line num="33" count="1" type="stmt"/>
        <line num="34" count="1" type="stmt"/>
        <line num="35" count="1" type="stmt"/>
        <line num="37" count="1" type="stmt"/>
        <line num="38" count="1" type="stmt"/>
        <line num="40" count="1" type="stmt"/>
        <line num="41" count="1" type="stmt"/>
        <line num="42" count="1" type="stmt"/>
        <line num="45" count="2" type="stmt"/>
        <line num="46" count="0" type="stmt"/>
        <line num="49" count="0" type="stmt"/>
        <line num="52" count="0" type="stmt"/>
        <line num="54" count="0" type="stmt"/>
        <line num="59" count="2" type="stmt"/>
        <line num="60" count="3" type="cond" truecount="1" falsecount="0"/>
        <line num="61" count="2" type="stmt"/>
        <line num="62" count="2" type="stmt"/>
        <line num="63" count="2" type="stmt"/>
        <line num="65" count="1" type="stmt"/>
      </file>
      <file name="expense.ts" path="D:\Usuario_OLD\COMPUCENTER-DM\Documents\Tecnologias_lenguajes\_backend\FullStack_Node.js_React_TS_NestJS_Next.js_Creando_Proyectos\proyectos\CASHTRACKR\Backend\src\middleware\expense.ts">
        <metrics statements="27" coveredstatements="17" conditionals="2" coveredconditionals="1" methods="5" coveredmethods="1"/>
        <line num="2" count="1" type="stmt"/>
        <line num="3" count="1" type="stmt"/>
        <line num="13" count="1" type="stmt"/>
        <line num="14" count="0" type="stmt"/>
        <line num="17" count="0" type="stmt"/>
        <line num="20" count="0" type="stmt"/>
        <line num="22" count="0" type="stmt"/>
        <line num="25" count="1" type="stmt"/>
        <line num="26" count="0" type="stmt"/>
        <line num="28" count="0" type="stmt"/>
        <line num="31" count="0" type="stmt"/>
        <line num="32" count="0" type="cond" truecount="0" falsecount="1"/>
        <line num="33" count="0" type="stmt"/>
        <line num="35" count="0" type="stmt"/>
        <line num="38" count="1" type="stmt"/>
        <line num="39" count="3" type="stmt"/>
        <line num="40" count="3" type="stmt"/>
        <line num="41" count="3" type="stmt"/>
        <line num="42" count="2" type="cond" truecount="1" falsecount="0"/>
        <line num="43" count="1" type="stmt"/>
        <line num="44" count="1" type="stmt"/>
        <line num="45" count="1" type="stmt"/>
        <line num="47" count="1" type="stmt"/>
        <line num="48" count="1" type="stmt"/>
        <line num="50" count="1" type="stmt"/>
        <line num="51" count="1" type="stmt"/>
        <line num="52" count="1" type="stmt"/>
      </file>
    </package>
    <package name="models">
      <metrics statements="34" coveredstatements="28" conditionals="8" coveredconditionals="7" methods="6" coveredmethods="0"/>
      <file name="Budget.ts" path="D:\Usuario_OLD\COMPUCENTER-DM\Documents\Tecnologias_lenguajes\_backend\FullStack_Node.js_React_TS_NestJS_Next.js_Creando_Proyectos\proyectos\CASHTRACKR\Backend\src\models\Budget.ts">
        <metrics statements="13" coveredstatements="10" conditionals="4" coveredconditionals="4" methods="3" coveredmethods="0"/>
        <line num="2" count="2" type="stmt"/>
        <line num="3" count="2" type="stmt"/>
        <line num="4" count="2" type="stmt"/>
        <line num="9" count="2" type="stmt"/>
        <line num="14" count="2" type="stmt"/>
        <line num="20" count="2" type="stmt"/>
        <line num="23" count="0" type="stmt"/>
        <line num="27" count="2" type="stmt"/>
        <line num="30" count="0" type="stmt"/>
        <line num="31" count="2" type="stmt"/>
        <line num="34" count="0" type="stmt"/>
        <line num="35" count="2" type="cond" truecount="4" falsecount="0"/>
        <line num="37" count="2" type="stmt"/>
      </file>
      <file name="Expense.ts" path="D:\Usuario_OLD\COMPUCENTER-DM\Documents\Tecnologias_lenguajes\_backend\FullStack_Node.js_React_TS_NestJS_Next.js_Creando_Proyectos\proyectos\CASHTRACKR\Backend\src\models\Expense.ts">
        <metrics statements="10" coveredstatements="8" conditionals="4" coveredconditionals="3" methods="2" coveredmethods="0"/>
        <line num="2" count="2" type="stmt"/>
        <line num="3" count="2" type="stmt"/>
        <line num="8" count="2" type="stmt"/>
        <line num="13" count="2" type="stmt"/>
        <line num="19" count="2" type="stmt"/>
        <line num="22" count="0" type="stmt"/>
        <line num="23" count="2" type="stmt"/>
        <line num="25" count="0" type="stmt"/>
        <line num="26" count="2" type="cond" truecount="3" falsecount="1"/>
        <line num="28" count="2" type="stmt"/>
      </file>
      <file name="User.ts" path="D:\Usuario_OLD\COMPUCENTER-DM\Documents\Tecnologias_lenguajes\_backend\FullStack_Node.js_React_TS_NestJS_Next.js_Creando_Proyectos\proyectos\CASHTRACKR\Backend\src\models\User.ts">
        <metrics statements="11" coveredstatements="10" conditionals="0" coveredconditionals="0" methods="1" coveredmethods="0"/>
        <line num="1" count="2" type="stmt"/>
        <line num="2" count="2" type="stmt"/>
        <line num="7" count="2" type="stmt"/>
        <line num="12" count="2" type="stmt"/>
        <line num="18" count="2" type="stmt"/>
        <line num="25" count="2" type="stmt"/>
        <line num="30" count="2" type="stmt"/>
        <line num="36" count="2" type="stmt"/>
        <line num="39" count="0" type="stmt"/>
        <line num="43" count="2" type="stmt"/>
        <line num="45" count="2" type="stmt"/>
      </file>
    </package>
    <package name="test.mocks">
      <metrics statements="2" coveredstatements="2" conditionals="0" coveredconditionals="0" methods="0" coveredmethods="0"/>
      <file name="budgets.ts" path="D:\Usuario_OLD\COMPUCENTER-DM\Documents\Tecnologias_lenguajes\_backend\FullStack_Node.js_React_TS_NestJS_Next.js_Creando_Proyectos\proyectos\CASHTRACKR\Backend\src\test\mocks\budgets.ts">
        <metrics statements="1" coveredstatements="1" conditionals="0" coveredconditionals="0" methods="0" coveredmethods="0"/>
        <line num="1" count="3" type="stmt"/>
      </file>
      <file name="expense.ts" path="D:\Usuario_OLD\COMPUCENTER-DM\Documents\Tecnologias_lenguajes\_backend\FullStack_Node.js_React_TS_NestJS_Next.js_Creando_Proyectos\proyectos\CASHTRACKR\Backend\src\test\mocks\expense.ts">
        <metrics statements="1" coveredstatements="1" conditionals="0" coveredconditionals="0" methods="0" coveredmethods="0"/>
        <line num="1" count="2" type="stmt"/>
      </file>
    </package>
    <package name="utils">
      <metrics statements="12" coveredstatements="6" conditionals="0" coveredconditionals="0" methods="4" coveredmethods="0"/>
      <file name="auth.ts" path="D:\Usuario_OLD\COMPUCENTER-DM\Documents\Tecnologias_lenguajes\_backend\FullStack_Node.js_React_TS_NestJS_Next.js_Creando_Proyectos\proyectos\CASHTRACKR\Backend\src\utils\auth.ts">
        <metrics statements="7" coveredstatements="3" conditionals="0" coveredconditionals="0" methods="2" coveredmethods="0"/>
        <line num="1" count="1" type="stmt"/>
        <line num="2" count="1" type="stmt"/>
        <line num="3" count="0" type="stmt"/>
        <line num="4" count="0" type="stmt"/>
        <line num="5" count="0" type="stmt"/>
        <line num="8" count="1" type="stmt"/>
        <line num="9" count="0" type="stmt"/>
      </file>
      <file name="jwt.ts" path="D:\Usuario_OLD\COMPUCENTER-DM\Documents\Tecnologias_lenguajes\_backend\FullStack_Node.js_React_TS_NestJS_Next.js_Creando_Proyectos\proyectos\CASHTRACKR\Backend\src\utils\jwt.ts">
        <metrics statements="4" coveredstatements="2" conditionals="0" coveredconditionals="0" methods="1" coveredmethods="0"/>
        <line num="1" count="1" type="stmt"/>
        <line num="3" count="1" type="stmt"/>
        <line num="4" count="0" type="stmt"/>
        <line num="7" count="0" type="stmt"/>
      </file>
      <file name="token.ts" path="D:\Usuario_OLD\COMPUCENTER-DM\Documents\Tecnologias_lenguajes\_backend\FullStack_Node.js_React_TS_NestJS_Next.js_Creando_Proyectos\proyectos\CASHTRACKR\Backend\src\utils\token.ts">
        <metrics statements="1" coveredstatements="1" conditionals="0" coveredconditionals="0" methods="1" coveredmethods="0"/>
        <line num="1" count="1" type="stmt"/>
      </file>
    </package>
  </project>
</coverage>
