{"D:\\Usuario_OLD\\COMPUCENTER-DM\\Documents\\Tecnologias_lenguajes\\_backend\\FullStack_Node.js_React_TS_NestJS_Next.js_Creando_Proyectos\\proyectos\\CASHTRACKR\\Backend\\src\\server.ts": {"path":"D:\\Usuario_OLD\\COMPUCENTER-DM\\Documents\\Tecnologias_lenguajes\\_backend\\FullStack_Node.js_React_TS_NestJS_Next.js_Creando_Proyectos\\proyectos\\CASHTRACKR\\Backend\\src\\server.ts","statementMap":{"0":{"start":{"line":8,"column":0},"end":{"line":8,"column":7}},"1":{"start":{"line":1,"column":0},"end":{"line":1,"column":46}},"2":{"start":{"line":3,"column":0},"end":{"line":3,"column":27}},"3":{"start":{"line":4,"column":0},"end":{"line":4,"column":32}},"4":{"start":{"line":5,"column":0},"end":{"line":5,"column":48}},"5":{"start":{"line":6,"column":0},"end":{"line":6,"column":44}},"6":{"start":{"line":9,"column":2},"end":{"line":16,"column":3}},"7":{"start":{"line":10,"column":4},"end":{"line":10,"column":null}},"8":{"start":{"line":11,"column":4},"end":{"line":11,"column":null}},"9":{"start":{"line":15,"column":4},"end":{"line":15,"column":null}},"10":{"start":{"line":19,"column":0},"end":{"line":19,"column":null}},"11":{"start":{"line":21,"column":25},"end":{"line":21,"column":34}},"12":{"start":{"line":23,"column":0},"end":{"line":23,"column":null}},"13":{"start":{"line":25,"column":0},"end":{"line":25,"column":null}},"14":{"start":{"line":27,"column":0},"end":{"line":27,"column":null}},"15":{"start":{"line":28,"column":0},"end":{"line":28,"column":null}},"16":{"start":{"line":30,"column":0},"end":{"line":30,"column":null}},"17":{"start":{"line":31,"column":0},"end":{"line":33,"column":null}},"18":{"start":{"line":32,"column":2},"end":{"line":32,"column":null}},"19":{"start":{"line":35,"column":0},"end":{"line":35,"column":null}}},"fnMap":{"0":{"name":"connectDB","decl":{"start":{"line":8,"column":22},"end":{"line":8,"column":31}},"loc":{"start":{"line":8,"column":31},"end":{"line":17,"column":1}}},"1":{"name":"(anonymous_2)","decl":{"start":{"line":31,"column":13},"end":{"line":31,"column":14}},"loc":{"start":{"line":31,"column":26},"end":{"line":33,"column":1}}}},"branchMap":{},"s":{"0":1,"1":1,"2":1,"3":1,"4":1,"5":1,"6":1,"7":1,"8":1,"9":0,"10":1,"11":1,"12":1,"13":1,"14":1,"15":1,"16":1,"17":1,"18":0,"19":1},"f":{"0":1,"1":0},"b":{}}
,"D:\\Usuario_OLD\\COMPUCENTER-DM\\Documents\\Tecnologias_lenguajes\\_backend\\FullStack_Node.js_React_TS_NestJS_Next.js_Creando_Proyectos\\proyectos\\CASHTRACKR\\Backend\\src\\config\\db.ts": {"path":"D:\\Usuario_OLD\\COMPUCENTER-DM\\Documents\\Tecnologias_lenguajes\\_backend\\FullStack_Node.js_React_TS_NestJS_Next.js_Creando_Proyectos\\proyectos\\CASHTRACKR\\Backend\\src\\config\\db.ts","statementMap":{"0":{"start":{"line":1,"column":0},"end":{"line":1,"column":48}},"1":{"start":{"line":2,"column":0},"end":{"line":2,"column":27}},"2":{"start":{"line":4,"column":0},"end":{"line":4,"column":null}},"3":{"start":{"line":6,"column":13},"end":{"line":15,"column":null}}},"fnMap":{},"branchMap":{},"s":{"0":1,"1":1,"2":1,"3":1},"f":{},"b":{}}
,"D:\\Usuario_OLD\\COMPUCENTER-DM\\Documents\\Tecnologias_lenguajes\\_backend\\FullStack_Node.js_React_TS_NestJS_Next.js_Creando_Proyectos\\proyectos\\CASHTRACKR\\Backend\\src\\config\\limiter.ts": {"path":"D:\\Usuario_OLD\\COMPUCENTER-DM\\Documents\\Tecnologias_lenguajes\\_backend\\FullStack_Node.js_React_TS_NestJS_Next.js_Creando_Proyectos\\proyectos\\CASHTRACKR\\Backend\\src\\config\\limiter.ts","statementMap":{"0":{"start":{"line":1,"column":0},"end":{"line":1,"column":46}},"1":{"start":{"line":4,"column":13},"end":{"line":11,"column":null}}},"fnMap":{},"branchMap":{"0":{"loc":{"start":{"line":6,"column":9},"end":{"line":6,"column":56}},"type":"cond-expr","locations":[{"start":{"line":6,"column":49},"end":{"line":6,"column":50}},{"start":{"line":6,"column":53},"end":{"line":6,"column":56}}]}},"s":{"0":1,"1":1},"f":{},"b":{"0":[0,1]}}
,"D:\\Usuario_OLD\\COMPUCENTER-DM\\Documents\\Tecnologias_lenguajes\\_backend\\FullStack_Node.js_React_TS_NestJS_Next.js_Creando_Proyectos\\proyectos\\CASHTRACKR\\Backend\\src\\config\\nodemailer.ts": {"path":"D:\\Usuario_OLD\\COMPUCENTER-DM\\Documents\\Tecnologias_lenguajes\\_backend\\FullStack_Node.js_React_TS_NestJS_Next.js_Creando_Proyectos\\proyectos\\CASHTRACKR\\Backend\\src\\config\\nodemailer.ts","statementMap":{"0":{"start":{"line":2,"column":0},"end":{"line":2,"column":35}},"1":{"start":{"line":3,"column":0},"end":{"line":3,"column":27}},"2":{"start":{"line":4,"column":0},"end":{"line":4,"column":null}},"3":{"start":{"line":6,"column":15},"end":{"line":15,"column":1}},"4":{"start":{"line":7,"column":2},"end":{"line":14,"column":null}},"5":{"start":{"line":16,"column":13},"end":{"line":16,"column":62}}},"fnMap":{"0":{"name":"(anonymous_1)","decl":{"start":{"line":6,"column":15},"end":{"line":6,"column":18}},"loc":{"start":{"line":6,"column":20},"end":{"line":15,"column":1}}}},"branchMap":{},"s":{"0":2,"1":2,"2":2,"3":2,"4":2,"5":2},"f":{"0":2},"b":{}}
,"D:\\Usuario_OLD\\COMPUCENTER-DM\\Documents\\Tecnologias_lenguajes\\_backend\\FullStack_Node.js_React_TS_NestJS_Next.js_Creando_Proyectos\\proyectos\\CASHTRACKR\\Backend\\src\\controllers\\AuthController.ts": {"path":"D:\\Usuario_OLD\\COMPUCENTER-DM\\Documents\\Tecnologias_lenguajes\\_backend\\FullStack_Node.js_React_TS_NestJS_Next.js_Creando_Proyectos\\proyectos\\CASHTRACKR\\Backend\\src\\controllers\\AuthController.ts","statementMap":{"0":{"start":{"line":2,"column":0},"end":{"line":2,"column":34}},"1":{"start":{"line":3,"column":0},"end":{"line":3,"column":59}},"2":{"start":{"line":4,"column":0},"end":{"line":4,"column":47}},"3":{"start":{"line":5,"column":0},"end":{"line":5,"column":48}},"4":{"start":{"line":6,"column":0},"end":{"line":6,"column":43}},"5":{"start":{"line":9,"column":25},"end":{"line":43,"column":3}},"6":{"start":{"line":10,"column":32},"end":{"line":10,"column":40}},"7":{"start":{"line":12,"column":23},"end":{"line":12,"column":63}},"8":{"start":{"line":14,"column":4},"end":{"line":18,"column":5}},"9":{"start":{"line":15,"column":20},"end":{"line":15,"column":77}},"10":{"start":{"line":16,"column":6},"end":{"line":16,"column":53}},"11":{"start":{"line":17,"column":6},"end":{"line":17,"column":12}},"12":{"start":{"line":19,"column":4},"end":{"line":42,"column":5}},"13":{"start":{"line":20,"column":19},"end":{"line":20,"column":46}},"14":{"start":{"line":22,"column":6},"end":{"line":22,"column":null}},"15":{"start":{"line":24,"column":20},"end":{"line":24,"column":35}},"16":{"start":{"line":25,"column":6},"end":{"line":25,"column":25}},"17":{"start":{"line":27,"column":6},"end":{"line":29,"column":7}},"18":{"start":{"line":28,"column":8},"end":{"line":28,"column":null}},"19":{"start":{"line":30,"column":6},"end":{"line":30,"column":null}},"20":{"start":{"line":32,"column":6},"end":{"line":36,"column":null}},"21":{"start":{"line":37,"column":6},"end":{"line":37,"column":60}},"22":{"start":{"line":38,"column":6},"end":{"line":38,"column":12}},"23":{"start":{"line":40,"column":6},"end":{"line":40,"column":74}},"24":{"start":{"line":41,"column":6},"end":{"line":41,"column":12}},"25":{"start":{"line":45,"column":44},"end":{"line":68,"column":3}},"26":{"start":{"line":47,"column":22},"end":{"line":47,"column":30}},"27":{"start":{"line":49,"column":4},"end":{"line":67,"column":5}},"28":{"start":{"line":50,"column":19},"end":{"line":50,"column":59}},"29":{"start":{"line":51,"column":6},"end":{"line":55,"column":7}},"30":{"start":{"line":52,"column":18},"end":{"line":52,"column":53}},"31":{"start":{"line":53,"column":8},"end":{"line":53,"column":51}},"32":{"start":{"line":54,"column":8},"end":{"line":54,"column":14}},"33":{"start":{"line":56,"column":6},"end":{"line":56,"column":null}},"34":{"start":{"line":58,"column":6},"end":{"line":58,"column":null}},"35":{"start":{"line":59,"column":6},"end":{"line":59,"column":null}},"36":{"start":{"line":61,"column":6},"end":{"line":61,"column":63}},"37":{"start":{"line":62,"column":6},"end":{"line":62,"column":12}},"38":{"start":{"line":64,"column":16},"end":{"line":64,"column":70}},"39":{"start":{"line":65,"column":6},"end":{"line":65,"column":49}},"40":{"start":{"line":66,"column":6},"end":{"line":66,"column":12}},"41":{"start":{"line":69,"column":17},"end":{"line":95,"column":3}},"42":{"start":{"line":70,"column":32},"end":{"line":70,"column":40}},"43":{"start":{"line":72,"column":17},"end":{"line":72,"column":57}},"44":{"start":{"line":73,"column":4},"end":{"line":77,"column":5}},"45":{"start":{"line":74,"column":16},"end":{"line":74,"column":51}},"46":{"start":{"line":75,"column":6},"end":{"line":75,"column":49}},"47":{"start":{"line":76,"column":6},"end":{"line":76,"column":12}},"48":{"start":{"line":79,"column":4},"end":{"line":83,"column":5}},"49":{"start":{"line":80,"column":16},"end":{"line":80,"column":61}},"50":{"start":{"line":81,"column":6},"end":{"line":81,"column":49}},"51":{"start":{"line":82,"column":6},"end":{"line":82,"column":12}},"52":{"start":{"line":85,"column":30},"end":{"line":85,"column":74}},"53":{"start":{"line":86,"column":4},"end":{"line":90,"column":5}},"54":{"start":{"line":87,"column":16},"end":{"line":87,"column":49}},"55":{"start":{"line":88,"column":6},"end":{"line":88,"column":49}},"56":{"start":{"line":89,"column":6},"end":{"line":89,"column":12}},"57":{"start":{"line":92,"column":18},"end":{"line":92,"column":38}},"58":{"start":{"line":93,"column":4},"end":{"line":93,"column":null}},"59":{"start":{"line":94,"column":4},"end":{"line":94,"column":10}},"60":{"start":{"line":97,"column":26},"end":{"line":116,"column":3}},"61":{"start":{"line":98,"column":22},"end":{"line":98,"column":30}},"62":{"start":{"line":100,"column":17},"end":{"line":100,"column":57}},"63":{"start":{"line":101,"column":4},"end":{"line":105,"column":5}},"64":{"start":{"line":102,"column":16},"end":{"line":102,"column":51}},"65":{"start":{"line":103,"column":6},"end":{"line":103,"column":49}},"66":{"start":{"line":104,"column":6},"end":{"line":104,"column":12}},"67":{"start":{"line":106,"column":4},"end":{"line":106,"column":null}},"68":{"start":{"line":107,"column":4},"end":{"line":107,"column":null}},"69":{"start":{"line":109,"column":4},"end":{"line":113,"column":null}},"70":{"start":{"line":114,"column":4},"end":{"line":114,"column":null}},"71":{"start":{"line":115,"column":4},"end":{"line":115,"column":10}},"72":{"start":{"line":118,"column":25},"end":{"line":128,"column":3}},"73":{"start":{"line":119,"column":22},"end":{"line":119,"column":30}},"74":{"start":{"line":121,"column":23},"end":{"line":121,"column":63}},"75":{"start":{"line":122,"column":4},"end":{"line":126,"column":5}},"76":{"start":{"line":123,"column":16},"end":{"line":123,"column":49}},"77":{"start":{"line":124,"column":6},"end":{"line":124,"column":49}},"78":{"start":{"line":125,"column":6},"end":{"line":125,"column":12}},"79":{"start":{"line":127,"column":4},"end":{"line":127,"column":null}},"80":{"start":{"line":130,"column":34},"end":{"line":147,"column":3}},"81":{"start":{"line":131,"column":22},"end":{"line":131,"column":32}},"82":{"start":{"line":132,"column":25},"end":{"line":132,"column":33}},"83":{"start":{"line":134,"column":17},"end":{"line":134,"column":57}},"84":{"start":{"line":135,"column":4},"end":{"line":139,"column":5}},"85":{"start":{"line":136,"column":16},"end":{"line":136,"column":49}},"86":{"start":{"line":137,"column":6},"end":{"line":137,"column":49}},"87":{"start":{"line":138,"column":6},"end":{"line":138,"column":12}},"88":{"start":{"line":141,"column":4},"end":{"line":141,"column":null}},"89":{"start":{"line":143,"column":4},"end":{"line":143,"column":null}},"90":{"start":{"line":144,"column":4},"end":{"line":144,"column":null}},"91":{"start":{"line":145,"column":4},"end":{"line":145,"column":null}},"92":{"start":{"line":146,"column":4},"end":{"line":146,"column":10}},"93":{"start":{"line":148,"column":16},"end":{"line":150,"column":3}},"94":{"start":{"line":149,"column":4},"end":{"line":149,"column":null}},"95":{"start":{"line":152,"column":38},"end":{"line":168,"column":3}},"96":{"start":{"line":153,"column":42},"end":{"line":153,"column":50}},"97":{"start":{"line":154,"column":19},"end":{"line":154,"column":27}},"98":{"start":{"line":155,"column":17},"end":{"line":155,"column":40}},"99":{"start":{"line":157,"column":30},"end":{"line":157,"column":81}},"100":{"start":{"line":158,"column":4},"end":{"line":162,"column":5}},"101":{"start":{"line":159,"column":16},"end":{"line":159,"column":62}},"102":{"start":{"line":160,"column":6},"end":{"line":160,"column":49}},"103":{"start":{"line":161,"column":6},"end":{"line":161,"column":12}},"104":{"start":{"line":164,"column":4},"end":{"line":164,"column":null}},"105":{"start":{"line":165,"column":4},"end":{"line":165,"column":null}},"106":{"start":{"line":166,"column":4},"end":{"line":166,"column":null}},"107":{"start":{"line":167,"column":4},"end":{"line":167,"column":10}},"108":{"start":{"line":170,"column":25},"end":{"line":184,"column":3}},"109":{"start":{"line":171,"column":25},"end":{"line":171,"column":33}},"110":{"start":{"line":172,"column":19},"end":{"line":172,"column":27}},"111":{"start":{"line":174,"column":17},"end":{"line":174,"column":40}},"112":{"start":{"line":176,"column":30},"end":{"line":176,"column":74}},"113":{"start":{"line":177,"column":4},"end":{"line":181,"column":5}},"114":{"start":{"line":178,"column":16},"end":{"line":178,"column":62}},"115":{"start":{"line":179,"column":6},"end":{"line":179,"column":49}},"116":{"start":{"line":180,"column":6},"end":{"line":180,"column":12}},"117":{"start":{"line":182,"column":4},"end":{"line":182,"column":null}},"118":{"start":{"line":183,"column":4},"end":{"line":183,"column":10}},"119":{"start":{"line":8,"column":0},"end":{"line":8,"column":13}}},"fnMap":{"0":{"name":"(anonymous_1)","decl":{"start":{"line":9,"column":25},"end":{"line":9,"column":30}},"loc":{"start":{"line":9,"column":63},"end":{"line":43,"column":3}}},"1":{"name":"(anonymous_2)","decl":{"start":{"line":45,"column":44},"end":{"line":45,"column":49}},"loc":{"start":{"line":45,"column":82},"end":{"line":68,"column":3}}},"2":{"name":"(anonymous_3)","decl":{"start":{"line":69,"column":17},"end":{"line":69,"column":22}},"loc":{"start":{"line":69,"column":55},"end":{"line":95,"column":3}}},"3":{"name":"(anonymous_4)","decl":{"start":{"line":97,"column":26},"end":{"line":97,"column":31}},"loc":{"start":{"line":97,"column":79},"end":{"line":116,"column":3}}},"4":{"name":"(anonymous_5)","decl":{"start":{"line":118,"column":25},"end":{"line":118,"column":30}},"loc":{"start":{"line":118,"column":63},"end":{"line":128,"column":3}}},"5":{"name":"(anonymous_6)","decl":{"start":{"line":130,"column":34},"end":{"line":130,"column":39}},"loc":{"start":{"line":130,"column":72},"end":{"line":147,"column":3}}},"6":{"name":"(anonymous_7)","decl":{"start":{"line":148,"column":16},"end":{"line":148,"column":21}},"loc":{"start":{"line":148,"column":54},"end":{"line":150,"column":3}}},"7":{"name":"(anonymous_8)","decl":{"start":{"line":152,"column":38},"end":{"line":152,"column":43}},"loc":{"start":{"line":152,"column":76},"end":{"line":168,"column":3}}},"8":{"name":"(anonymous_9)","decl":{"start":{"line":170,"column":25},"end":{"line":170,"column":30}},"loc":{"start":{"line":170,"column":63},"end":{"line":184,"column":3}}}},"branchMap":{"0":{"loc":{"start":{"line":14,"column":4},"end":{"line":18,"column":5}},"type":"if","locations":[{"start":{"line":14,"column":4},"end":{"line":18,"column":5}}]},"1":{"loc":{"start":{"line":27,"column":6},"end":{"line":29,"column":7}},"type":"if","locations":[{"start":{"line":27,"column":6},"end":{"line":29,"column":7}}]},"2":{"loc":{"start":{"line":51,"column":6},"end":{"line":55,"column":7}},"type":"if","locations":[{"start":{"line":51,"column":6},"end":{"line":55,"column":7}}]},"3":{"loc":{"start":{"line":73,"column":4},"end":{"line":77,"column":5}},"type":"if","locations":[{"start":{"line":73,"column":4},"end":{"line":77,"column":5}}]},"4":{"loc":{"start":{"line":79,"column":4},"end":{"line":83,"column":5}},"type":"if","locations":[{"start":{"line":79,"column":4},"end":{"line":83,"column":5}}]},"5":{"loc":{"start":{"line":86,"column":4},"end":{"line":90,"column":5}},"type":"if","locations":[{"start":{"line":86,"column":4},"end":{"line":90,"column":5}}]},"6":{"loc":{"start":{"line":101,"column":4},"end":{"line":105,"column":5}},"type":"if","locations":[{"start":{"line":101,"column":4},"end":{"line":105,"column":5}}]},"7":{"loc":{"start":{"line":122,"column":4},"end":{"line":126,"column":5}},"type":"if","locations":[{"start":{"line":122,"column":4},"end":{"line":126,"column":5}}]},"8":{"loc":{"start":{"line":135,"column":4},"end":{"line":139,"column":5}},"type":"if","locations":[{"start":{"line":135,"column":4},"end":{"line":139,"column":5}}]},"9":{"loc":{"start":{"line":158,"column":4},"end":{"line":162,"column":5}},"type":"if","locations":[{"start":{"line":158,"column":4},"end":{"line":162,"column":5}}]},"10":{"loc":{"start":{"line":177,"column":4},"end":{"line":181,"column":5}},"type":"if","locations":[{"start":{"line":177,"column":4},"end":{"line":181,"column":5}}]}},"s":{"0":2,"1":2,"2":2,"3":2,"4":2,"5":2,"6":5,"7":5,"8":5,"9":3,"10":3,"11":3,"12":2,"13":2,"14":2,"15":2,"16":2,"17":2,"18":2,"19":2,"20":2,"21":2,"22":2,"23":0,"24":0,"25":2,"26":2,"27":2,"28":2,"29":2,"30":1,"31":1,"32":1,"33":1,"34":1,"35":1,"36":1,"37":1,"38":0,"39":0,"40":0,"41":2,"42":14,"43":14,"44":14,"45":2,"46":2,"47":2,"48":12,"49":3,"50":3,"51":3,"52":9,"53":9,"54":2,"55":2,"56":2,"57":7,"58":7,"59":7,"60":2,"61":0,"62":0,"63":0,"64":0,"65":0,"66":0,"67":0,"68":0,"69":0,"70":0,"71":0,"72":2,"73":0,"74":0,"75":0,"76":0,"77":0,"78":0,"79":0,"80":2,"81":0,"82":0,"83":0,"84":0,"85":0,"86":0,"87":0,"88":0,"89":0,"90":0,"91":0,"92":0,"93":2,"94":0,"95":2,"96":0,"97":0,"98":0,"99":0,"100":0,"101":0,"102":0,"103":0,"104":0,"105":0,"106":0,"107":0,"108":2,"109":0,"110":0,"111":0,"112":0,"113":0,"114":0,"115":0,"116":0,"117":0,"118":0,"119":2},"f":{"0":5,"1":2,"2":14,"3":0,"4":0,"5":0,"6":0,"7":0,"8":0},"b":{"0":[3],"1":[2],"2":[1],"3":[2],"4":[3],"5":[2],"6":[0],"7":[0],"8":[0],"9":[0],"10":[0]}}
,"D:\\Usuario_OLD\\COMPUCENTER-DM\\Documents\\Tecnologias_lenguajes\\_backend\\FullStack_Node.js_React_TS_NestJS_Next.js_Creando_Proyectos\\proyectos\\CASHTRACKR\\Backend\\src\\controllers\\BudgetController.ts": {"path":"D:\\Usuario_OLD\\COMPUCENTER-DM\\Documents\\Tecnologias_lenguajes\\_backend\\FullStack_Node.js_React_TS_NestJS_Next.js_Creando_Proyectos\\proyectos\\CASHTRACKR\\Backend\\src\\controllers\\BudgetController.ts","statementMap":{"0":{"start":{"line":2,"column":0},"end":{"line":2,"column":38}},"1":{"start":{"line":3,"column":0},"end":{"line":3,"column":40}},"2":{"start":{"line":5,"column":18},"end":{"line":21,"column":3}},"3":{"start":{"line":6,"column":4},"end":{"line":20,"column":5}},"4":{"start":{"line":7,"column":21},"end":{"line":15,"column":8}},"5":{"start":{"line":16,"column":6},"end":{"line":16,"column":35}},"6":{"start":{"line":18,"column":6},"end":{"line":18,"column":87}},"7":{"start":{"line":19,"column":6},"end":{"line":19,"column":12}},"8":{"start":{"line":22,"column":19},"end":{"line":29,"column":3}},"9":{"start":{"line":24,"column":19},"end":{"line":26,"column":6}},"10":{"start":{"line":27,"column":6},"end":{"line":27,"column":35}},"11":{"start":{"line":28,"column":6},"end":{"line":28,"column":12}},"12":{"start":{"line":30,"column":18},"end":{"line":41,"column":3}},"13":{"start":{"line":31,"column":4},"end":{"line":40,"column":5}},"14":{"start":{"line":32,"column":21},"end":{"line":32,"column":50}},"15":{"start":{"line":34,"column":6},"end":{"line":34,"column":null}},"16":{"start":{"line":35,"column":6},"end":{"line":35,"column":26}},"17":{"start":{"line":36,"column":6},"end":{"line":36,"column":64}},"18":{"start":{"line":38,"column":6},"end":{"line":38,"column":81}},"19":{"start":{"line":39,"column":6},"end":{"line":39,"column":12}},"20":{"start":{"line":42,"column":22},"end":{"line":46,"column":3}},"21":{"start":{"line":43,"column":19},"end":{"line":43,"column":27}},"22":{"start":{"line":44,"column":4},"end":{"line":44,"column":36}},"23":{"start":{"line":45,"column":4},"end":{"line":45,"column":67}},"24":{"start":{"line":47,"column":22},"end":{"line":51,"column":3}},"25":{"start":{"line":48,"column":19},"end":{"line":48,"column":27}},"26":{"start":{"line":49,"column":4},"end":{"line":49,"column":37}},"27":{"start":{"line":50,"column":4},"end":{"line":50,"column":51}},"28":{"start":{"line":4,"column":0},"end":{"line":4,"column":13}}},"fnMap":{"0":{"name":"(anonymous_1)","decl":{"start":{"line":5,"column":18},"end":{"line":5,"column":23}},"loc":{"start":{"line":5,"column":56},"end":{"line":21,"column":3}}},"1":{"name":"(anonymous_2)","decl":{"start":{"line":22,"column":19},"end":{"line":22,"column":24}},"loc":{"start":{"line":22,"column":57},"end":{"line":29,"column":3}}},"2":{"name":"(anonymous_3)","decl":{"start":{"line":30,"column":18},"end":{"line":30,"column":23}},"loc":{"start":{"line":30,"column":56},"end":{"line":41,"column":3}}},"3":{"name":"(anonymous_4)","decl":{"start":{"line":42,"column":22},"end":{"line":42,"column":27}},"loc":{"start":{"line":42,"column":60},"end":{"line":46,"column":3}}},"4":{"name":"(anonymous_5)","decl":{"start":{"line":47,"column":22},"end":{"line":47,"column":27}},"loc":{"start":{"line":47,"column":60},"end":{"line":51,"column":3}}}},"branchMap":{},"s":{"0":2,"1":2,"2":2,"3":5,"4":5,"5":4,"6":1,"7":1,"8":2,"9":4,"10":4,"11":4,"12":2,"13":3,"14":3,"15":2,"16":2,"17":2,"18":1,"19":1,"20":2,"21":2,"22":2,"23":2,"24":2,"25":2,"26":2,"27":2,"28":2},"f":{"0":5,"1":4,"2":3,"3":2,"4":2},"b":{}}
,"D:\\Usuario_OLD\\COMPUCENTER-DM\\Documents\\Tecnologias_lenguajes\\_backend\\FullStack_Node.js_React_TS_NestJS_Next.js_Creando_Proyectos\\proyectos\\CASHTRACKR\\Backend\\src\\controllers\\ExpenseController.ts": {"path":"D:\\Usuario_OLD\\COMPUCENTER-DM\\Documents\\Tecnologias_lenguajes\\_backend\\FullStack_Node.js_React_TS_NestJS_Next.js_Creando_Proyectos\\proyectos\\CASHTRACKR\\Backend\\src\\controllers\\ExpenseController.ts","statementMap":{"0":{"start":{"line":2,"column":0},"end":{"line":2,"column":40}},"1":{"start":{"line":4,"column":18},"end":{"line":15,"column":3}},"2":{"start":{"line":5,"column":4},"end":{"line":14,"column":5}},"3":{"start":{"line":6,"column":22},"end":{"line":6,"column":52}},"4":{"start":{"line":7,"column":6},"end":{"line":7,"column":null}},"5":{"start":{"line":8,"column":6},"end":{"line":8,"column":27}},"6":{"start":{"line":9,"column":6},"end":{"line":9,"column":44}},"7":{"start":{"line":11,"column":16},"end":{"line":11,"column":67}},"8":{"start":{"line":12,"column":6},"end":{"line":12,"column":49}},"9":{"start":{"line":13,"column":6},"end":{"line":13,"column":12}},"10":{"start":{"line":17,"column":19},"end":{"line":20,"column":3}},"11":{"start":{"line":19,"column":4},"end":{"line":19,"column":38}},"12":{"start":{"line":21,"column":22},"end":{"line":24,"column":3}},"13":{"start":{"line":22,"column":4},"end":{"line":22,"column":39}},"14":{"start":{"line":23,"column":4},"end":{"line":23,"column":61}},"15":{"start":{"line":25,"column":22},"end":{"line":28,"column":3}},"16":{"start":{"line":26,"column":4},"end":{"line":26,"column":40}},"17":{"start":{"line":27,"column":4},"end":{"line":27,"column":45}},"18":{"start":{"line":3,"column":0},"end":{"line":3,"column":13}}},"fnMap":{"0":{"name":"(anonymous_1)","decl":{"start":{"line":4,"column":18},"end":{"line":4,"column":23}},"loc":{"start":{"line":4,"column":56},"end":{"line":15,"column":3}}},"1":{"name":"(anonymous_2)","decl":{"start":{"line":17,"column":19},"end":{"line":17,"column":24}},"loc":{"start":{"line":17,"column":57},"end":{"line":20,"column":3}}},"2":{"name":"(anonymous_3)","decl":{"start":{"line":21,"column":22},"end":{"line":21,"column":27}},"loc":{"start":{"line":21,"column":60},"end":{"line":24,"column":3}}},"3":{"name":"(anonymous_4)","decl":{"start":{"line":25,"column":22},"end":{"line":25,"column":27}},"loc":{"start":{"line":25,"column":60},"end":{"line":28,"column":3}}}},"branchMap":{},"s":{"0":2,"1":2,"2":2,"3":2,"4":1,"5":1,"6":1,"7":1,"8":1,"9":1,"10":2,"11":1,"12":2,"13":1,"14":1,"15":2,"16":1,"17":1,"18":2},"f":{"0":2,"1":1,"2":1,"3":1},"b":{}}
,"D:\\Usuario_OLD\\COMPUCENTER-DM\\Documents\\Tecnologias_lenguajes\\_backend\\FullStack_Node.js_React_TS_NestJS_Next.js_Creando_Proyectos\\proyectos\\CASHTRACKR\\Backend\\src\\emails\\AuthEmail.ts": {"path":"D:\\Usuario_OLD\\COMPUCENTER-DM\\Documents\\Tecnologias_lenguajes\\_backend\\FullStack_Node.js_React_TS_NestJS_Next.js_Creando_Proyectos\\proyectos\\CASHTRACKR\\Backend\\src\\emails\\AuthEmail.ts","statementMap":{"0":{"start":{"line":1,"column":0},"end":{"line":1,"column":48}},"1":{"start":{"line":8,"column":33},"end":{"line":20,"column":3}},"2":{"start":{"line":9,"column":18},"end":{"line":19,"column":6}},"3":{"start":{"line":22,"column":34},"end":{"line":33,"column":3}},"4":{"start":{"line":23,"column":18},"end":{"line":32,"column":6}},"5":{"start":{"line":7,"column":0},"end":{"line":7,"column":13}}},"fnMap":{"0":{"name":"(anonymous_0)","decl":{"start":{"line":8,"column":33},"end":{"line":8,"column":38}},"loc":{"start":{"line":8,"column":59},"end":{"line":20,"column":3}}},"1":{"name":"(anonymous_1)","decl":{"start":{"line":22,"column":34},"end":{"line":22,"column":39}},"loc":{"start":{"line":22,"column":60},"end":{"line":33,"column":3}}}},"branchMap":{},"s":{"0":2,"1":2,"2":1,"3":2,"4":0,"5":2},"f":{"0":1,"1":0},"b":{}}
,"D:\\Usuario_OLD\\COMPUCENTER-DM\\Documents\\Tecnologias_lenguajes\\_backend\\FullStack_Node.js_React_TS_NestJS_Next.js_Creando_Proyectos\\proyectos\\CASHTRACKR\\Backend\\src\\middleware\\auth.ts": {"path":"D:\\Usuario_OLD\\COMPUCENTER-DM\\Documents\\Tecnologias_lenguajes\\_backend\\FullStack_Node.js_React_TS_NestJS_Next.js_Creando_Proyectos\\proyectos\\CASHTRACKR\\Backend\\src\\middleware\\auth.ts","statementMap":{"0":{"start":{"line":2,"column":0},"end":{"line":2,"column":30}},"1":{"start":{"line":3,"column":0},"end":{"line":3,"column":34}},"2":{"start":{"line":13,"column":29},"end":{"line":40,"column":1}},"3":{"start":{"line":15,"column":17},"end":{"line":15,"column":42}},"4":{"start":{"line":16,"column":2},"end":{"line":20,"column":3}},"5":{"start":{"line":17,"column":14},"end":{"line":17,"column":41}},"6":{"start":{"line":18,"column":4},"end":{"line":18,"column":47}},"7":{"start":{"line":19,"column":4},"end":{"line":19,"column":10}},"8":{"start":{"line":21,"column":20},"end":{"line":21,"column":37}},"9":{"start":{"line":23,"column":2},"end":{"line":27,"column":3}},"10":{"start":{"line":24,"column":14},"end":{"line":24,"column":47}},"11":{"start":{"line":25,"column":4},"end":{"line":25,"column":47}},"12":{"start":{"line":26,"column":4},"end":{"line":26,"column":10}},"13":{"start":{"line":29,"column":2},"end":{"line":39,"column":3}},"14":{"start":{"line":30,"column":20},"end":{"line":30,"column":61}},"15":{"start":{"line":31,"column":4},"end":{"line":36,"column":5}},"16":{"start":{"line":32,"column":6},"end":{"line":34,"column":null}},"17":{"start":{"line":35,"column":6},"end":{"line":35,"column":null}},"18":{"start":{"line":38,"column":4},"end":{"line":38,"column":null}},"19":{"start":{"line":13,"column":13},"end":{"line":13,"column":29}}},"fnMap":{"0":{"name":"(anonymous_1)","decl":{"start":{"line":13,"column":29},"end":{"line":13,"column":34}},"loc":{"start":{"line":13,"column":87},"end":{"line":40,"column":1}}}},"branchMap":{"0":{"loc":{"start":{"line":16,"column":2},"end":{"line":20,"column":3}},"type":"if","locations":[{"start":{"line":16,"column":2},"end":{"line":20,"column":3}}]},"1":{"loc":{"start":{"line":23,"column":2},"end":{"line":27,"column":3}},"type":"if","locations":[{"start":{"line":23,"column":2},"end":{"line":27,"column":3}}]},"2":{"loc":{"start":{"line":31,"column":4},"end":{"line":36,"column":5}},"type":"if","locations":[{"start":{"line":31,"column":4},"end":{"line":36,"column":5}}]},"3":{"loc":{"start":{"line":31,"column":8},"end":{"line":31,"column":49}},"type":"binary-expr","locations":[{"start":{"line":31,"column":8},"end":{"line":31,"column":35}},{"start":{"line":31,"column":39},"end":{"line":31,"column":49}}]}},"s":{"0":1,"1":1,"2":1,"3":16,"4":16,"5":5,"6":5,"7":5,"8":11,"9":11,"10":0,"11":0,"12":0,"13":11,"14":11,"15":10,"16":10,"17":10,"18":1,"19":1},"f":{"0":16},"b":{"0":[5],"1":[0],"2":[10],"3":[10,10]}}
,"D:\\Usuario_OLD\\COMPUCENTER-DM\\Documents\\Tecnologias_lenguajes\\_backend\\FullStack_Node.js_React_TS_NestJS_Next.js_Creando_Proyectos\\proyectos\\CASHTRACKR\\Backend\\src\\middleware\\budget.ts": {"path":"D:\\Usuario_OLD\\COMPUCENTER-DM\\Documents\\Tecnologias_lenguajes\\_backend\\FullStack_Node.js_React_TS_NestJS_Next.js_Creando_Proyectos\\proyectos\\CASHTRACKR\\Backend\\src\\middleware\\budget.ts","statementMap":{"0":{"start":{"line":2,"column":0},"end":{"line":2,"column":65}},"1":{"start":{"line":3,"column":0},"end":{"line":3,"column":38}},"2":{"start":{"line":13,"column":32},"end":{"line":26,"column":1}},"3":{"start":{"line":14,"column":2},"end":{"line":17,"column":null}},"4":{"start":{"line":16,"column":21},"end":{"line":16,"column":30}},"5":{"start":{"line":19,"column":17},"end":{"line":19,"column":38}},"6":{"start":{"line":20,"column":2},"end":{"line":23,"column":3}},"7":{"start":{"line":21,"column":4},"end":{"line":21,"column":null}},"8":{"start":{"line":22,"column":4},"end":{"line":22,"column":10}},"9":{"start":{"line":25,"column":2},"end":{"line":25,"column":null}},"10":{"start":{"line":13,"column":13},"end":{"line":13,"column":32}},"11":{"start":{"line":28,"column":36},"end":{"line":43,"column":1}},"12":{"start":{"line":29,"column":2},"end":{"line":42,"column":3}},"13":{"start":{"line":30,"column":25},"end":{"line":30,"column":35}},"14":{"start":{"line":31,"column":19},"end":{"line":31,"column":50}},"15":{"start":{"line":32,"column":4},"end":{"line":36,"column":5}},"16":{"start":{"line":33,"column":20},"end":{"line":33,"column":67}},"17":{"start":{"line":34,"column":6},"end":{"line":34,"column":53}},"18":{"start":{"line":35,"column":6},"end":{"line":35,"column":12}},"19":{"start":{"line":37,"column":4},"end":{"line":37,"column":null}},"20":{"start":{"line":38,"column":4},"end":{"line":38,"column":null}},"21":{"start":{"line":40,"column":4},"end":{"line":40,"column":null}},"22":{"start":{"line":41,"column":4},"end":{"line":41,"column":10}},"23":{"start":{"line":28,"column":13},"end":{"line":28,"column":36}},"24":{"start":{"line":44,"column":35},"end":{"line":54,"column":1}},"25":{"start":{"line":45,"column":2},"end":{"line":47,"column":null}},"26":{"start":{"line":48,"column":2},"end":{"line":51,"column":null}},"27":{"start":{"line":51,"column":21},"end":{"line":51,"column":30}},"28":{"start":{"line":53,"column":2},"end":{"line":53,"column":null}},"29":{"start":{"line":44,"column":13},"end":{"line":44,"column":35}},"30":{"start":{"line":58,"column":25},"end":{"line":65,"column":1}},"31":{"start":{"line":59,"column":2},"end":{"line":63,"column":3}},"32":{"start":{"line":60,"column":18},"end":{"line":60,"column":76}},"33":{"start":{"line":61,"column":4},"end":{"line":61,"column":null}},"34":{"start":{"line":62,"column":4},"end":{"line":62,"column":10}},"35":{"start":{"line":64,"column":2},"end":{"line":64,"column":9}},"36":{"start":{"line":58,"column":14},"end":{"line":58,"column":25}}},"fnMap":{"0":{"name":"(anonymous_1)","decl":{"start":{"line":13,"column":32},"end":{"line":13,"column":37}},"loc":{"start":{"line":13,"column":90},"end":{"line":26,"column":1}}},"1":{"name":"(anonymous_2)","decl":{"start":{"line":16,"column":12},"end":{"line":16,"column":17}},"loc":{"start":{"line":16,"column":21},"end":{"line":16,"column":30}}},"2":{"name":"(anonymous_3)","decl":{"start":{"line":28,"column":36},"end":{"line":28,"column":41}},"loc":{"start":{"line":28,"column":94},"end":{"line":43,"column":1}}},"3":{"name":"(anonymous_4)","decl":{"start":{"line":44,"column":35},"end":{"line":44,"column":40}},"loc":{"start":{"line":44,"column":93},"end":{"line":54,"column":1}}},"4":{"name":"(anonymous_5)","decl":{"start":{"line":51,"column":12},"end":{"line":51,"column":17}},"loc":{"start":{"line":51,"column":21},"end":{"line":51,"column":30}}},"5":{"name":"(anonymous_6)","decl":{"start":{"line":58,"column":25},"end":{"line":58,"column":26}},"loc":{"start":{"line":58,"column":77},"end":{"line":65,"column":1}}}},"branchMap":{"0":{"loc":{"start":{"line":20,"column":2},"end":{"line":23,"column":3}},"type":"if","locations":[{"start":{"line":20,"column":2},"end":{"line":23,"column":3}}]},"1":{"loc":{"start":{"line":32,"column":4},"end":{"line":36,"column":5}},"type":"if","locations":[{"start":{"line":32,"column":4},"end":{"line":36,"column":5}}]},"2":{"loc":{"start":{"line":59,"column":2},"end":{"line":63,"column":3}},"type":"if","locations":[{"start":{"line":59,"column":2},"end":{"line":63,"column":3}}]}},"s":{"0":3,"1":3,"2":3,"3":7,"4":6,"5":7,"6":7,"7":1,"8":1,"9":6,"10":3,"11":3,"12":9,"13":9,"14":9,"15":8,"16":3,"17":3,"18":3,"19":5,"20":5,"21":1,"22":1,"23":3,"24":3,"25":4,"26":4,"27":4,"28":4,"29":3,"30":3,"31":7,"32":2,"33":2,"34":2,"35":5,"36":3},"f":{"0":7,"1":6,"2":9,"3":4,"4":4,"5":7},"b":{"0":[1],"1":[3],"2":[2]}}
,"D:\\Usuario_OLD\\COMPUCENTER-DM\\Documents\\Tecnologias_lenguajes\\_backend\\FullStack_Node.js_React_TS_NestJS_Next.js_Creando_Proyectos\\proyectos\\CASHTRACKR\\Backend\\src\\middleware\\expense.ts": {"path":"D:\\Usuario_OLD\\COMPUCENTER-DM\\Documents\\Tecnologias_lenguajes\\_backend\\FullStack_Node.js_React_TS_NestJS_Next.js_Creando_Proyectos\\proyectos\\CASHTRACKR\\Backend\\src\\middleware\\expense.ts","statementMap":{"0":{"start":{"line":2,"column":0},"end":{"line":2,"column":64}},"1":{"start":{"line":3,"column":0},"end":{"line":3,"column":39}},"2":{"start":{"line":13,"column":36},"end":{"line":23,"column":1}},"3":{"start":{"line":14,"column":2},"end":{"line":16,"column":null}},"4":{"start":{"line":17,"column":2},"end":{"line":20,"column":null}},"5":{"start":{"line":20,"column":21},"end":{"line":20,"column":30}},"6":{"start":{"line":22,"column":2},"end":{"line":22,"column":null}},"7":{"start":{"line":13,"column":13},"end":{"line":13,"column":36}},"8":{"start":{"line":25,"column":33},"end":{"line":36,"column":1}},"9":{"start":{"line":26,"column":2},"end":{"line":29,"column":null}},"10":{"start":{"line":28,"column":21},"end":{"line":28,"column":30}},"11":{"start":{"line":31,"column":19},"end":{"line":31,"column":40}},"12":{"start":{"line":32,"column":2},"end":{"line":34,"column":3}},"13":{"start":{"line":33,"column":4},"end":{"line":33,"column":null}},"14":{"start":{"line":35,"column":2},"end":{"line":35,"column":null}},"15":{"start":{"line":25,"column":13},"end":{"line":25,"column":33}},"16":{"start":{"line":38,"column":37},"end":{"line":54,"column":1}},"17":{"start":{"line":39,"column":2},"end":{"line":53,"column":3}},"18":{"start":{"line":40,"column":26},"end":{"line":40,"column":36}},"19":{"start":{"line":41,"column":20},"end":{"line":41,"column":53}},"20":{"start":{"line":42,"column":4},"end":{"line":46,"column":5}},"21":{"start":{"line":43,"column":20},"end":{"line":43,"column":75}},"22":{"start":{"line":44,"column":6},"end":{"line":44,"column":53}},"23":{"start":{"line":45,"column":6},"end":{"line":45,"column":12}},"24":{"start":{"line":47,"column":4},"end":{"line":47,"column":null}},"25":{"start":{"line":48,"column":4},"end":{"line":48,"column":null}},"26":{"start":{"line":50,"column":14},"end":{"line":50,"column":54}},"27":{"start":{"line":51,"column":4},"end":{"line":51,"column":47}},"28":{"start":{"line":52,"column":4},"end":{"line":52,"column":10}},"29":{"start":{"line":38,"column":13},"end":{"line":38,"column":37}}},"fnMap":{"0":{"name":"(anonymous_1)","decl":{"start":{"line":13,"column":36},"end":{"line":13,"column":41}},"loc":{"start":{"line":13,"column":94},"end":{"line":23,"column":1}}},"1":{"name":"(anonymous_2)","decl":{"start":{"line":20,"column":12},"end":{"line":20,"column":17}},"loc":{"start":{"line":20,"column":21},"end":{"line":20,"column":30}}},"2":{"name":"(anonymous_3)","decl":{"start":{"line":25,"column":33},"end":{"line":25,"column":38}},"loc":{"start":{"line":25,"column":91},"end":{"line":36,"column":1}}},"3":{"name":"(anonymous_4)","decl":{"start":{"line":28,"column":12},"end":{"line":28,"column":17}},"loc":{"start":{"line":28,"column":21},"end":{"line":28,"column":30}}},"4":{"name":"(anonymous_5)","decl":{"start":{"line":38,"column":37},"end":{"line":38,"column":42}},"loc":{"start":{"line":38,"column":95},"end":{"line":54,"column":1}}}},"branchMap":{"0":{"loc":{"start":{"line":32,"column":2},"end":{"line":34,"column":3}},"type":"if","locations":[{"start":{"line":32,"column":2},"end":{"line":34,"column":3}}]},"1":{"loc":{"start":{"line":42,"column":4},"end":{"line":46,"column":5}},"type":"if","locations":[{"start":{"line":42,"column":4},"end":{"line":46,"column":5}}]}},"s":{"0":2,"1":2,"2":2,"3":0,"4":0,"5":0,"6":0,"7":2,"8":2,"9":0,"10":0,"11":0,"12":0,"13":0,"14":0,"15":2,"16":2,"17":3,"18":3,"19":3,"20":2,"21":1,"22":1,"23":1,"24":1,"25":1,"26":1,"27":1,"28":1,"29":2},"f":{"0":0,"1":0,"2":0,"3":0,"4":3},"b":{"0":[0],"1":[1]}}
,"D:\\Usuario_OLD\\COMPUCENTER-DM\\Documents\\Tecnologias_lenguajes\\_backend\\FullStack_Node.js_React_TS_NestJS_Next.js_Creando_Proyectos\\proyectos\\CASHTRACKR\\Backend\\src\\middleware\\validation.ts": {"path":"D:\\Usuario_OLD\\COMPUCENTER-DM\\Documents\\Tecnologias_lenguajes\\_backend\\FullStack_Node.js_React_TS_NestJS_Next.js_Creando_Proyectos\\proyectos\\CASHTRACKR\\Backend\\src\\middleware\\validation.ts","statementMap":{"0":{"start":{"line":2,"column":0},"end":{"line":2,"column":52}},"1":{"start":{"line":4,"column":33},"end":{"line":11,"column":1}},"2":{"start":{"line":5,"column":19},"end":{"line":5,"column":40}},"3":{"start":{"line":6,"column":4},"end":{"line":9,"column":5}},"4":{"start":{"line":7,"column":8},"end":{"line":7,"column":null}},"5":{"start":{"line":8,"column":8},"end":{"line":8,"column":14}},"6":{"start":{"line":10,"column":4},"end":{"line":10,"column":null}},"7":{"start":{"line":4,"column":13},"end":{"line":4,"column":33}}},"fnMap":{"0":{"name":"(anonymous_0)","decl":{"start":{"line":4,"column":33},"end":{"line":4,"column":34}},"loc":{"start":{"line":4,"column":91},"end":{"line":11,"column":1}}}},"branchMap":{"0":{"loc":{"start":{"line":6,"column":4},"end":{"line":9,"column":5}},"type":"if","locations":[{"start":{"line":6,"column":4},"end":{"line":9,"column":5}}]}},"s":{"0":1,"1":1,"2":25,"3":25,"4":8,"5":8,"6":17,"7":1},"f":{"0":25},"b":{"0":[8]}}
,"D:\\Usuario_OLD\\COMPUCENTER-DM\\Documents\\Tecnologias_lenguajes\\_backend\\FullStack_Node.js_React_TS_NestJS_Next.js_Creando_Proyectos\\proyectos\\CASHTRACKR\\Backend\\src\\models\\Budget.ts": {"path":"D:\\Usuario_OLD\\COMPUCENTER-DM\\Documents\\Tecnologias_lenguajes\\_backend\\FullStack_Node.js_React_TS_NestJS_Next.js_Creando_Proyectos\\proyectos\\CASHTRACKR\\Backend\\src\\models\\Budget.ts","statementMap":{"0":{"start":{"line":2,"column":0},"end":{"line":2,"column":112}},"1":{"start":{"line":3,"column":0},"end":{"line":3,"column":31}},"2":{"start":{"line":4,"column":0},"end":{"line":4,"column":25}},"3":{"start":{"line":9,"column":0},"end":{"line":36,"column":null}},"4":{"start":{"line":14,"column":10},"end":{"line":14,"column":null}},"5":{"start":{"line":20,"column":10},"end":{"line":20,"column":null}},"6":{"start":{"line":27,"column":10},"end":{"line":27,"column":null}},"7":{"start":{"line":23,"column":17},"end":{"line":23,"column":24}},"8":{"start":{"line":31,"column":10},"end":{"line":31,"column":null}},"9":{"start":{"line":30,"column":20},"end":{"line":30,"column":24}},"10":{"start":{"line":35,"column":10},"end":{"line":35,"column":null}},"11":{"start":{"line":34,"column":19},"end":{"line":34,"column":23}},"12":{"start":{"line":9,"column":6},"end":{"line":36,"column":null}},"13":{"start":{"line":37,"column":0},"end":{"line":37,"column":null}}},"fnMap":{"0":{"name":"(anonymous_3)","decl":{"start":{"line":23,"column":11},"end":{"line":23,"column":14}},"loc":{"start":{"line":23,"column":17},"end":{"line":23,"column":24}}},"1":{"name":"(anonymous_4)","decl":{"start":{"line":30,"column":14},"end":{"line":30,"column":17}},"loc":{"start":{"line":30,"column":20},"end":{"line":30,"column":24}}},"2":{"name":"(anonymous_5)","decl":{"start":{"line":34,"column":13},"end":{"line":34,"column":16}},"loc":{"start":{"line":34,"column":19},"end":{"line":34,"column":23}}}},"branchMap":{"0":{"loc":{"start":{"line":35,"column":16},"end":{"line":35,"column":null}},"type":"cond-expr","locations":[{"start":{"line":35,"column":20},"end":{"line":35,"column":null}},{"start":{"line":35,"column":20},"end":{"line":35,"column":null}}]},"1":{"loc":{"start":{"line":35,"column":16},"end":{"line":35,"column":20}},"type":"binary-expr","locations":[{"start":{"line":35,"column":16},"end":{"line":35,"column":null}},{"start":{"line":35,"column":16},"end":{"line":35,"column":20}}]}},"s":{"0":3,"1":3,"2":3,"3":3,"4":3,"5":3,"6":3,"7":3,"8":3,"9":2,"10":3,"11":3,"12":3,"13":3},"f":{"0":3,"1":2,"2":3},"b":{"0":[2,1],"1":[3,3]}}
,"D:\\Usuario_OLD\\COMPUCENTER-DM\\Documents\\Tecnologias_lenguajes\\_backend\\FullStack_Node.js_React_TS_NestJS_Next.js_Creando_Proyectos\\proyectos\\CASHTRACKR\\Backend\\src\\models\\Expense.ts": {"path":"D:\\Usuario_OLD\\COMPUCENTER-DM\\Documents\\Tecnologias_lenguajes\\_backend\\FullStack_Node.js_React_TS_NestJS_Next.js_Creando_Proyectos\\proyectos\\CASHTRACKR\\Backend\\src\\models\\Expense.ts","statementMap":{"0":{"start":{"line":2,"column":0},"end":{"line":2,"column":112}},"1":{"start":{"line":3,"column":0},"end":{"line":3,"column":29}},"2":{"start":{"line":8,"column":0},"end":{"line":27,"column":null}},"3":{"start":{"line":13,"column":10},"end":{"line":13,"column":null}},"4":{"start":{"line":19,"column":10},"end":{"line":19,"column":null}},"5":{"start":{"line":23,"column":10},"end":{"line":23,"column":null}},"6":{"start":{"line":22,"column":20},"end":{"line":22,"column":26}},"7":{"start":{"line":26,"column":10},"end":{"line":26,"column":null}},"8":{"start":{"line":25,"column":19},"end":{"line":25,"column":25}},"9":{"start":{"line":8,"column":6},"end":{"line":27,"column":null}},"10":{"start":{"line":28,"column":0},"end":{"line":28,"column":null}}},"fnMap":{"0":{"name":"(anonymous_3)","decl":{"start":{"line":22,"column":14},"end":{"line":22,"column":17}},"loc":{"start":{"line":22,"column":20},"end":{"line":22,"column":26}}},"1":{"name":"(anonymous_4)","decl":{"start":{"line":25,"column":13},"end":{"line":25,"column":16}},"loc":{"start":{"line":25,"column":19},"end":{"line":25,"column":25}}}},"branchMap":{"0":{"loc":{"start":{"line":26,"column":18},"end":{"line":26,"column":null}},"type":"cond-expr","locations":[{"start":{"line":26,"column":24},"end":{"line":26,"column":null}},{"start":{"line":26,"column":24},"end":{"line":26,"column":null}}]},"1":{"loc":{"start":{"line":26,"column":18},"end":{"line":26,"column":24}},"type":"binary-expr","locations":[{"start":{"line":26,"column":18},"end":{"line":26,"column":null}},{"start":{"line":26,"column":18},"end":{"line":26,"column":24}}]}},"s":{"0":3,"1":3,"2":3,"3":3,"4":3,"5":3,"6":2,"7":3,"8":2,"9":3,"10":3},"f":{"0":2,"1":2},"b":{"0":[0,3],"1":[3,1]}}
,"D:\\Usuario_OLD\\COMPUCENTER-DM\\Documents\\Tecnologias_lenguajes\\_backend\\FullStack_Node.js_React_TS_NestJS_Next.js_Creando_Proyectos\\proyectos\\CASHTRACKR\\Backend\\src\\models\\User.ts": {"path":"D:\\Usuario_OLD\\COMPUCENTER-DM\\Documents\\Tecnologias_lenguajes\\_backend\\FullStack_Node.js_React_TS_NestJS_Next.js_Creando_Proyectos\\proyectos\\CASHTRACKR\\Backend\\src\\models\\User.ts","statementMap":{"0":{"start":{"line":1,"column":0},"end":{"line":1,"column":130}},"1":{"start":{"line":2,"column":0},"end":{"line":2,"column":29}},"2":{"start":{"line":7,"column":0},"end":{"line":44,"column":null}},"3":{"start":{"line":12,"column":10},"end":{"line":12,"column":null}},"4":{"start":{"line":18,"column":10},"end":{"line":18,"column":null}},"5":{"start":{"line":25,"column":10},"end":{"line":25,"column":null}},"6":{"start":{"line":30,"column":10},"end":{"line":30,"column":null}},"7":{"start":{"line":36,"column":10},"end":{"line":36,"column":null}},"8":{"start":{"line":43,"column":10},"end":{"line":43,"column":null}},"9":{"start":{"line":39,"column":17},"end":{"line":39,"column":23}},"10":{"start":{"line":7,"column":6},"end":{"line":44,"column":null}},"11":{"start":{"line":45,"column":0},"end":{"line":45,"column":20}}},"fnMap":{"0":{"name":"(anonymous_3)","decl":{"start":{"line":39,"column":11},"end":{"line":39,"column":14}},"loc":{"start":{"line":39,"column":17},"end":{"line":39,"column":23}}}},"branchMap":{},"s":{"0":3,"1":3,"2":3,"3":3,"4":3,"5":3,"6":3,"7":3,"8":3,"9":2,"10":3,"11":3},"f":{"0":2},"b":{}}
,"D:\\Usuario_OLD\\COMPUCENTER-DM\\Documents\\Tecnologias_lenguajes\\_backend\\FullStack_Node.js_React_TS_NestJS_Next.js_Creando_Proyectos\\proyectos\\CASHTRACKR\\Backend\\src\\routes\\authRouter.ts": {"path":"D:\\Usuario_OLD\\COMPUCENTER-DM\\Documents\\Tecnologias_lenguajes\\_backend\\FullStack_Node.js_React_TS_NestJS_Next.js_Creando_Proyectos\\proyectos\\CASHTRACKR\\Backend\\src\\routes\\authRouter.ts","statementMap":{"0":{"start":{"line":1,"column":0},"end":{"line":1,"column":32}},"1":{"start":{"line":2,"column":0},"end":{"line":2,"column":47}},"2":{"start":{"line":3,"column":0},"end":{"line":3,"column":62}},"3":{"start":{"line":4,"column":0},"end":{"line":4,"column":60}},"4":{"start":{"line":5,"column":0},"end":{"line":5,"column":43}},"5":{"start":{"line":6,"column":0},"end":{"line":6,"column":50}},"6":{"start":{"line":8,"column":23},"end":{"line":8,"column":31}},"7":{"start":{"line":10,"column":0},"end":{"line":10,"column":null}},"8":{"start":{"line":12,"column":0},"end":{"line":17,"column":null}},"9":{"start":{"line":20,"column":0},"end":{"line":26,"column":null}},"10":{"start":{"line":28,"column":0},"end":{"line":33,"column":null}},"11":{"start":{"line":35,"column":0},"end":{"line":39,"column":null}},"12":{"start":{"line":41,"column":0},"end":{"line":48,"column":null}},"13":{"start":{"line":50,"column":0},"end":{"line":59,"column":null}},"14":{"start":{"line":61,"column":0},"end":{"line":64,"column":null}},"15":{"start":{"line":66,"column":0},"end":{"line":72,"column":null}},"16":{"start":{"line":74,"column":0},"end":{"line":79,"column":null}},"17":{"start":{"line":80,"column":0},"end":{"line":80,"column":null}}},"fnMap":{},"branchMap":{},"s":{"0":1,"1":1,"2":1,"3":1,"4":1,"5":1,"6":1,"7":1,"8":1,"9":1,"10":1,"11":1,"12":1,"13":1,"14":1,"15":1,"16":1,"17":1},"f":{},"b":{}}
,"D:\\Usuario_OLD\\COMPUCENTER-DM\\Documents\\Tecnologias_lenguajes\\_backend\\FullStack_Node.js_React_TS_NestJS_Next.js_Creando_Proyectos\\proyectos\\CASHTRACKR\\Backend\\src\\routes\\budgetRouter.ts": {"path":"D:\\Usuario_OLD\\COMPUCENTER-DM\\Documents\\Tecnologias_lenguajes\\_backend\\FullStack_Node.js_React_TS_NestJS_Next.js_Creando_Proyectos\\proyectos\\CASHTRACKR\\Backend\\src\\routes\\budgetRouter.ts","statementMap":{"0":{"start":{"line":1,"column":0},"end":{"line":1,"column":32}},"1":{"start":{"line":2,"column":0},"end":{"line":2,"column":108}},"2":{"start":{"line":3,"column":0},"end":{"line":3,"column":67}},"3":{"start":{"line":4,"column":0},"end":{"line":4,"column":61}},"4":{"start":{"line":5,"column":0},"end":{"line":5,"column":70}},"5":{"start":{"line":6,"column":0},"end":{"line":6,"column":103}},"6":{"start":{"line":7,"column":0},"end":{"line":7,"column":51}},"7":{"start":{"line":9,"column":23},"end":{"line":9,"column":31}},"8":{"start":{"line":12,"column":0},"end":{"line":12,"column":null}},"9":{"start":{"line":15,"column":0},"end":{"line":15,"column":43}},"10":{"start":{"line":16,"column":0},"end":{"line":16,"column":47}},"11":{"start":{"line":17,"column":0},"end":{"line":17,"column":35}},"12":{"start":{"line":20,"column":0},"end":{"line":20,"column":null}},"13":{"start":{"line":21,"column":0},"end":{"line":21,"column":null}},"14":{"start":{"line":24,"column":0},"end":{"line":24,"column":null}},"15":{"start":{"line":25,"column":0},"end":{"line":25,"column":null}},"16":{"start":{"line":26,"column":0},"end":{"line":26,"column":51}},"17":{"start":{"line":27,"column":0},"end":{"line":27,"column":null}},"18":{"start":{"line":28,"column":0},"end":{"line":28,"column":null}},"19":{"start":{"line":31,"column":0},"end":{"line":31,"column":102}},"20":{"start":{"line":32,"column":0},"end":{"line":32,"column":null}},"21":{"start":{"line":33,"column":0},"end":{"line":33,"column":null}},"22":{"start":{"line":34,"column":0},"end":{"line":34,"column":null}},"23":{"start":{"line":36,"column":0},"end":{"line":36,"column":22}}},"fnMap":{},"branchMap":{},"s":{"0":1,"1":1,"2":1,"3":1,"4":1,"5":1,"6":1,"7":1,"8":1,"9":1,"10":1,"11":1,"12":1,"13":1,"14":1,"15":1,"16":1,"17":1,"18":1,"19":1,"20":1,"21":1,"22":1,"23":1},"f":{},"b":{}}
,"D:\\Usuario_OLD\\COMPUCENTER-DM\\Documents\\Tecnologias_lenguajes\\_backend\\FullStack_Node.js_React_TS_NestJS_Next.js_Creando_Proyectos\\proyectos\\CASHTRACKR\\Backend\\src\\test\\mocks\\budgets.ts": {"path":"D:\\Usuario_OLD\\COMPUCENTER-DM\\Documents\\Tecnologias_lenguajes\\_backend\\FullStack_Node.js_React_TS_NestJS_Next.js_Creando_Proyectos\\proyectos\\CASHTRACKR\\Backend\\src\\test\\mocks\\budgets.ts","statementMap":{"0":{"start":{"line":1,"column":13},"end":{"line":71,"column":2}}},"fnMap":{},"branchMap":{},"s":{"0":3},"f":{},"b":{}}
,"D:\\Usuario_OLD\\COMPUCENTER-DM\\Documents\\Tecnologias_lenguajes\\_backend\\FullStack_Node.js_React_TS_NestJS_Next.js_Creando_Proyectos\\proyectos\\CASHTRACKR\\Backend\\src\\test\\mocks\\expense.ts": {"path":"D:\\Usuario_OLD\\COMPUCENTER-DM\\Documents\\Tecnologias_lenguajes\\_backend\\FullStack_Node.js_React_TS_NestJS_Next.js_Creando_Proyectos\\proyectos\\CASHTRACKR\\Backend\\src\\test\\mocks\\expense.ts","statementMap":{"0":{"start":{"line":1,"column":13},"end":{"line":26,"column":null}}},"fnMap":{},"branchMap":{},"s":{"0":2},"f":{},"b":{}}
,"D:\\Usuario_OLD\\COMPUCENTER-DM\\Documents\\Tecnologias_lenguajes\\_backend\\FullStack_Node.js_React_TS_NestJS_Next.js_Creando_Proyectos\\proyectos\\CASHTRACKR\\Backend\\src\\utils\\auth.ts": {"path":"D:\\Usuario_OLD\\COMPUCENTER-DM\\Documents\\Tecnologias_lenguajes\\_backend\\FullStack_Node.js_React_TS_NestJS_Next.js_Creando_Proyectos\\proyectos\\CASHTRACKR\\Backend\\src\\utils\\auth.ts","statementMap":{"0":{"start":{"line":1,"column":0},"end":{"line":1,"column":28}},"1":{"start":{"line":2,"column":27},"end":{"line":6,"column":1}},"2":{"start":{"line":3,"column":15},"end":{"line":3,"column":39}},"3":{"start":{"line":4,"column":25},"end":{"line":4,"column":58}},"4":{"start":{"line":5,"column":2},"end":{"line":5,"column":24}},"5":{"start":{"line":2,"column":13},"end":{"line":2,"column":27}},"6":{"start":{"line":8,"column":29},"end":{"line":10,"column":1}},"7":{"start":{"line":9,"column":2},"end":{"line":9,"column":56}},"8":{"start":{"line":8,"column":13},"end":{"line":8,"column":29}}},"fnMap":{"0":{"name":"(anonymous_1)","decl":{"start":{"line":2,"column":27},"end":{"line":2,"column":32}},"loc":{"start":{"line":2,"column":54},"end":{"line":6,"column":1}}},"1":{"name":"(anonymous_2)","decl":{"start":{"line":8,"column":29},"end":{"line":8,"column":34}},"loc":{"start":{"line":8,"column":80},"end":{"line":10,"column":1}}}},"branchMap":{},"s":{"0":2,"1":2,"2":1,"3":1,"4":1,"5":2,"6":2,"7":5,"8":2},"f":{"0":1,"1":5},"b":{}}
,"D:\\Usuario_OLD\\COMPUCENTER-DM\\Documents\\Tecnologias_lenguajes\\_backend\\FullStack_Node.js_React_TS_NestJS_Next.js_Creando_Proyectos\\proyectos\\CASHTRACKR\\Backend\\src\\utils\\jwt.ts": {"path":"D:\\Usuario_OLD\\COMPUCENTER-DM\\Documents\\Tecnologias_lenguajes\\_backend\\FullStack_Node.js_React_TS_NestJS_Next.js_Creando_Proyectos\\proyectos\\CASHTRACKR\\Backend\\src\\utils\\jwt.ts","statementMap":{"0":{"start":{"line":1,"column":0},"end":{"line":1,"column":30}},"1":{"start":{"line":3,"column":27},"end":{"line":8,"column":1}},"2":{"start":{"line":4,"column":16},"end":{"line":6,"column":4}},"3":{"start":{"line":7,"column":2},"end":{"line":7,"column":null}},"4":{"start":{"line":3,"column":13},"end":{"line":3,"column":27}}},"fnMap":{"0":{"name":"(anonymous_1)","decl":{"start":{"line":3,"column":27},"end":{"line":3,"column":28}},"loc":{"start":{"line":3,"column":50},"end":{"line":8,"column":1}}}},"branchMap":{},"s":{"0":2,"1":2,"2":5,"3":5,"4":2},"f":{"0":5},"b":{}}
,"D:\\Usuario_OLD\\COMPUCENTER-DM\\Documents\\Tecnologias_lenguajes\\_backend\\FullStack_Node.js_React_TS_NestJS_Next.js_Creando_Proyectos\\proyectos\\CASHTRACKR\\Backend\\src\\utils\\token.ts": {"path":"D:\\Usuario_OLD\\COMPUCENTER-DM\\Documents\\Tecnologias_lenguajes\\_backend\\FullStack_Node.js_React_TS_NestJS_Next.js_Creando_Proyectos\\proyectos\\CASHTRACKR\\Backend\\src\\utils\\token.ts","statementMap":{"0":{"start":{"line":1,"column":29},"end":{"line":1,"column":89}},"1":{"start":{"line":1,"column":35},"end":{"line":1,"column":89}},"2":{"start":{"line":1,"column":13},"end":{"line":1,"column":29}}},"fnMap":{"0":{"name":"(anonymous_0)","decl":{"start":{"line":1,"column":29},"end":{"line":1,"column":32}},"loc":{"start":{"line":1,"column":35},"end":{"line":1,"column":89}}}},"branchMap":{},"s":{"0":2,"1":1,"2":2},"f":{"0":1},"b":{}}
}
