{"D:\\Usuario_OLD\\COMPUCENTER-DM\\Documents\\Tecnologias_lenguajes\\_backend\\FullStack_Node.js_React_TS_NestJS_Next.js_Creando_Proyectos\\proyectos\\CASHTRACKR\\Backend\\src\\config\\nodemailer.ts": {"path":"D:\\Usuario_OLD\\COMPUCENTER-DM\\Documents\\Tecnologias_lenguajes\\_backend\\FullStack_Node.js_React_TS_NestJS_Next.js_Creando_Proyectos\\proyectos\\CASHTRACKR\\Backend\\src\\config\\nodemailer.ts","statementMap":{"0":{"start":{"line":2,"column":0},"end":{"line":2,"column":35}},"1":{"start":{"line":3,"column":0},"end":{"line":3,"column":27}},"2":{"start":{"line":4,"column":0},"end":{"line":4,"column":null}},"3":{"start":{"line":6,"column":15},"end":{"line":15,"column":1}},"4":{"start":{"line":7,"column":2},"end":{"line":14,"column":null}},"5":{"start":{"line":16,"column":13},"end":{"line":16,"column":62}}},"fnMap":{"0":{"name":"(anonymous_1)","decl":{"start":{"line":6,"column":15},"end":{"line":6,"column":18}},"loc":{"start":{"line":6,"column":20},"end":{"line":15,"column":1}}}},"branchMap":{},"s":{"0":1,"1":1,"2":1,"3":1,"4":1,"5":1},"f":{"0":1},"b":{}}
,"D:\\Usuario_OLD\\COMPUCENTER-DM\\Documents\\Tecnologias_lenguajes\\_backend\\FullStack_Node.js_React_TS_NestJS_Next.js_Creando_Proyectos\\proyectos\\CASHTRACKR\\Backend\\src\\controllers\\AuthController.ts": {"path":"D:\\Usuario_OLD\\COMPUCENTER-DM\\Documents\\Tecnologias_lenguajes\\_backend\\FullStack_Node.js_React_TS_NestJS_Next.js_Creando_Proyectos\\proyectos\\CASHTRACKR\\Backend\\src\\controllers\\AuthController.ts","statementMap":{"0":{"start":{"line":2,"column":0},"end":{"line":2,"column":34}},"1":{"start":{"line":3,"column":0},"end":{"line":3,"column":59}},"2":{"start":{"line":4,"column":0},"end":{"line":4,"column":47}},"3":{"start":{"line":5,"column":0},"end":{"line":5,"column":48}},"4":{"start":{"line":6,"column":0},"end":{"line":6,"column":43}},"5":{"start":{"line":9,"column":25},"end":{"line":39,"column":3}},"6":{"start":{"line":10,"column":32},"end":{"line":10,"column":40}},"7":{"start":{"line":12,"column":23},"end":{"line":12,"column":63}},"8":{"start":{"line":14,"column":4},"end":{"line":18,"column":5}},"9":{"start":{"line":15,"column":16},"end":{"line":15,"column":73}},"10":{"start":{"line":16,"column":6},"end":{"line":16,"column":49}},"11":{"start":{"line":17,"column":6},"end":{"line":17,"column":12}},"12":{"start":{"line":19,"column":4},"end":{"line":38,"column":5}},"13":{"start":{"line":20,"column":19},"end":{"line":20,"column":46}},"14":{"start":{"line":22,"column":6},"end":{"line":22,"column":null}},"15":{"start":{"line":24,"column":6},"end":{"line":24,"column":null}},"16":{"start":{"line":25,"column":6},"end":{"line":25,"column":null}},"17":{"start":{"line":27,"column":6},"end":{"line":31,"column":null}},"18":{"start":{"line":32,"column":6},"end":{"line":32,"column":60}},"19":{"start":{"line":33,"column":6},"end":{"line":33,"column":12}},"20":{"start":{"line":35,"column":16},"end":{"line":35,"column":73}},"21":{"start":{"line":36,"column":6},"end":{"line":36,"column":49}},"22":{"start":{"line":37,"column":6},"end":{"line":37,"column":12}},"23":{"start":{"line":41,"column":28},"end":{"line":62,"column":3}},"24":{"start":{"line":43,"column":22},"end":{"line":43,"column":30}},"25":{"start":{"line":45,"column":4},"end":{"line":61,"column":5}},"26":{"start":{"line":46,"column":19},"end":{"line":46,"column":59}},"27":{"start":{"line":47,"column":6},"end":{"line":51,"column":7}},"28":{"start":{"line":48,"column":18},"end":{"line":48,"column":53}},"29":{"start":{"line":49,"column":8},"end":{"line":49,"column":51}},"30":{"start":{"line":50,"column":8},"end":{"line":50,"column":14}},"31":{"start":{"line":52,"column":6},"end":{"line":52,"column":null}},"32":{"start":{"line":54,"column":6},"end":{"line":54,"column":null}},"33":{"start":{"line":55,"column":6},"end":{"line":55,"column":null}},"34":{"start":{"line":56,"column":6},"end":{"line":56,"column":63}},"35":{"start":{"line":58,"column":16},"end":{"line":58,"column":70}},"36":{"start":{"line":59,"column":6},"end":{"line":59,"column":49}},"37":{"start":{"line":60,"column":6},"end":{"line":60,"column":12}},"38":{"start":{"line":63,"column":17},"end":{"line":89,"column":3}},"39":{"start":{"line":64,"column":32},"end":{"line":64,"column":40}},"40":{"start":{"line":66,"column":17},"end":{"line":66,"column":57}},"41":{"start":{"line":67,"column":4},"end":{"line":71,"column":5}},"42":{"start":{"line":68,"column":16},"end":{"line":68,"column":51}},"43":{"start":{"line":69,"column":6},"end":{"line":69,"column":49}},"44":{"start":{"line":70,"column":6},"end":{"line":70,"column":12}},"45":{"start":{"line":74,"column":4},"end":{"line":78,"column":5}},"46":{"start":{"line":75,"column":16},"end":{"line":75,"column":61}},"47":{"start":{"line":76,"column":6},"end":{"line":76,"column":49}},"48":{"start":{"line":77,"column":6},"end":{"line":77,"column":12}},"49":{"start":{"line":80,"column":30},"end":{"line":80,"column":74}},"50":{"start":{"line":81,"column":4},"end":{"line":85,"column":5}},"51":{"start":{"line":82,"column":16},"end":{"line":82,"column":49}},"52":{"start":{"line":83,"column":6},"end":{"line":83,"column":49}},"53":{"start":{"line":84,"column":6},"end":{"line":84,"column":12}},"54":{"start":{"line":87,"column":18},"end":{"line":87,"column":38}},"55":{"start":{"line":88,"column":4},"end":{"line":88,"column":null}},"56":{"start":{"line":91,"column":26},"end":{"line":110,"column":3}},"57":{"start":{"line":92,"column":22},"end":{"line":92,"column":30}},"58":{"start":{"line":94,"column":17},"end":{"line":94,"column":57}},"59":{"start":{"line":95,"column":4},"end":{"line":99,"column":5}},"60":{"start":{"line":96,"column":16},"end":{"line":96,"column":51}},"61":{"start":{"line":97,"column":6},"end":{"line":97,"column":49}},"62":{"start":{"line":98,"column":6},"end":{"line":98,"column":12}},"63":{"start":{"line":100,"column":4},"end":{"line":100,"column":null}},"64":{"start":{"line":101,"column":4},"end":{"line":101,"column":null}},"65":{"start":{"line":104,"column":4},"end":{"line":108,"column":null}},"66":{"start":{"line":109,"column":4},"end":{"line":109,"column":null}},"67":{"start":{"line":112,"column":25},"end":{"line":122,"column":3}},"68":{"start":{"line":113,"column":22},"end":{"line":113,"column":30}},"69":{"start":{"line":115,"column":23},"end":{"line":115,"column":63}},"70":{"start":{"line":116,"column":4},"end":{"line":120,"column":5}},"71":{"start":{"line":117,"column":16},"end":{"line":117,"column":49}},"72":{"start":{"line":118,"column":6},"end":{"line":118,"column":49}},"73":{"start":{"line":119,"column":6},"end":{"line":119,"column":12}},"74":{"start":{"line":121,"column":4},"end":{"line":121,"column":null}},"75":{"start":{"line":124,"column":34},"end":{"line":142,"column":3}},"76":{"start":{"line":125,"column":22},"end":{"line":125,"column":32}},"77":{"start":{"line":126,"column":25},"end":{"line":126,"column":33}},"78":{"start":{"line":129,"column":17},"end":{"line":129,"column":57}},"79":{"start":{"line":130,"column":4},"end":{"line":134,"column":5}},"80":{"start":{"line":131,"column":16},"end":{"line":131,"column":49}},"81":{"start":{"line":132,"column":6},"end":{"line":132,"column":49}},"82":{"start":{"line":133,"column":6},"end":{"line":133,"column":12}},"83":{"start":{"line":136,"column":4},"end":{"line":136,"column":null}},"84":{"start":{"line":138,"column":4},"end":{"line":138,"column":null}},"85":{"start":{"line":139,"column":4},"end":{"line":139,"column":null}},"86":{"start":{"line":140,"column":4},"end":{"line":140,"column":null}},"87":{"start":{"line":143,"column":16},"end":{"line":145,"column":3}},"88":{"start":{"line":144,"column":4},"end":{"line":144,"column":null}},"89":{"start":{"line":147,"column":38},"end":{"line":162,"column":3}},"90":{"start":{"line":148,"column":40},"end":{"line":148,"column":48}},"91":{"start":{"line":149,"column":19},"end":{"line":149,"column":27}},"92":{"start":{"line":150,"column":17},"end":{"line":150,"column":40}},"93":{"start":{"line":152,"column":30},"end":{"line":152,"column":81}},"94":{"start":{"line":153,"column":4},"end":{"line":157,"column":5}},"95":{"start":{"line":154,"column":16},"end":{"line":154,"column":62}},"96":{"start":{"line":155,"column":6},"end":{"line":155,"column":49}},"97":{"start":{"line":156,"column":6},"end":{"line":156,"column":12}},"98":{"start":{"line":159,"column":4},"end":{"line":159,"column":null}},"99":{"start":{"line":160,"column":4},"end":{"line":160,"column":null}},"100":{"start":{"line":161,"column":4},"end":{"line":161,"column":null}},"101":{"start":{"line":164,"column":25},"end":{"line":177,"column":3}},"102":{"start":{"line":165,"column":24},"end":{"line":165,"column":32}},"103":{"start":{"line":166,"column":19},"end":{"line":166,"column":27}},"104":{"start":{"line":168,"column":17},"end":{"line":168,"column":40}},"105":{"start":{"line":170,"column":30},"end":{"line":170,"column":74}},"106":{"start":{"line":171,"column":4},"end":{"line":175,"column":5}},"107":{"start":{"line":172,"column":16},"end":{"line":172,"column":62}},"108":{"start":{"line":173,"column":6},"end":{"line":173,"column":49}},"109":{"start":{"line":174,"column":6},"end":{"line":174,"column":12}},"110":{"start":{"line":176,"column":4},"end":{"line":176,"column":null}},"111":{"start":{"line":8,"column":0},"end":{"line":8,"column":13}}},"fnMap":{"0":{"name":"(anonymous_1)","decl":{"start":{"line":9,"column":25},"end":{"line":9,"column":30}},"loc":{"start":{"line":9,"column":63},"end":{"line":39,"column":3}}},"1":{"name":"(anonymous_2)","decl":{"start":{"line":41,"column":28},"end":{"line":41,"column":33}},"loc":{"start":{"line":41,"column":66},"end":{"line":62,"column":3}}},"2":{"name":"(anonymous_3)","decl":{"start":{"line":63,"column":17},"end":{"line":63,"column":22}},"loc":{"start":{"line":63,"column":55},"end":{"line":89,"column":3}}},"3":{"name":"(anonymous_4)","decl":{"start":{"line":91,"column":26},"end":{"line":91,"column":31}},"loc":{"start":{"line":91,"column":64},"end":{"line":110,"column":3}}},"4":{"name":"(anonymous_5)","decl":{"start":{"line":112,"column":25},"end":{"line":112,"column":30}},"loc":{"start":{"line":112,"column":63},"end":{"line":122,"column":3}}},"5":{"name":"(anonymous_6)","decl":{"start":{"line":124,"column":34},"end":{"line":124,"column":39}},"loc":{"start":{"line":124,"column":72},"end":{"line":142,"column":3}}},"6":{"name":"(anonymous_7)","decl":{"start":{"line":143,"column":16},"end":{"line":143,"column":21}},"loc":{"start":{"line":143,"column":54},"end":{"line":145,"column":3}}},"7":{"name":"(anonymous_8)","decl":{"start":{"line":147,"column":38},"end":{"line":147,"column":43}},"loc":{"start":{"line":147,"column":76},"end":{"line":162,"column":3}}},"8":{"name":"(anonymous_9)","decl":{"start":{"line":164,"column":25},"end":{"line":164,"column":30}},"loc":{"start":{"line":164,"column":63},"end":{"line":177,"column":3}}}},"branchMap":{"0":{"loc":{"start":{"line":14,"column":4},"end":{"line":18,"column":5}},"type":"if","locations":[{"start":{"line":14,"column":4},"end":{"line":18,"column":5}}]},"1":{"loc":{"start":{"line":47,"column":6},"end":{"line":51,"column":7}},"type":"if","locations":[{"start":{"line":47,"column":6},"end":{"line":51,"column":7}}]},"2":{"loc":{"start":{"line":67,"column":4},"end":{"line":71,"column":5}},"type":"if","locations":[{"start":{"line":67,"column":4},"end":{"line":71,"column":5}}]},"3":{"loc":{"start":{"line":74,"column":4},"end":{"line":78,"column":5}},"type":"if","locations":[{"start":{"line":74,"column":4},"end":{"line":78,"column":5}}]},"4":{"loc":{"start":{"line":81,"column":4},"end":{"line":85,"column":5}},"type":"if","locations":[{"start":{"line":81,"column":4},"end":{"line":85,"column":5}}]},"5":{"loc":{"start":{"line":95,"column":4},"end":{"line":99,"column":5}},"type":"if","locations":[{"start":{"line":95,"column":4},"end":{"line":99,"column":5}}]},"6":{"loc":{"start":{"line":116,"column":4},"end":{"line":120,"column":5}},"type":"if","locations":[{"start":{"line":116,"column":4},"end":{"line":120,"column":5}}]},"7":{"loc":{"start":{"line":130,"column":4},"end":{"line":134,"column":5}},"type":"if","locations":[{"start":{"line":130,"column":4},"end":{"line":134,"column":5}}]},"8":{"loc":{"start":{"line":153,"column":4},"end":{"line":157,"column":5}},"type":"if","locations":[{"start":{"line":153,"column":4},"end":{"line":157,"column":5}}]},"9":{"loc":{"start":{"line":171,"column":4},"end":{"line":175,"column":5}},"type":"if","locations":[{"start":{"line":171,"column":4},"end":{"line":175,"column":5}}]}},"s":{"0":1,"1":1,"2":1,"3":1,"4":1,"5":1,"6":2,"7":2,"8":2,"9":1,"10":1,"11":1,"12":1,"13":1,"14":1,"15":1,"16":1,"17":1,"18":1,"19":1,"20":0,"21":0,"22":0,"23":1,"24":0,"25":0,"26":0,"27":0,"28":0,"29":0,"30":0,"31":0,"32":0,"33":0,"34":0,"35":0,"36":0,"37":0,"38":1,"39":4,"40":4,"41":4,"42":1,"43":1,"44":1,"45":3,"46":1,"47":1,"48":1,"49":2,"50":2,"51":1,"52":1,"53":1,"54":1,"55":1,"56":1,"57":0,"58":0,"59":0,"60":0,"61":0,"62":0,"63":0,"64":0,"65":0,"66":0,"67":1,"68":0,"69":0,"70":0,"71":0,"72":0,"73":0,"74":0,"75":1,"76":0,"77":0,"78":0,"79":0,"80":0,"81":0,"82":0,"83":0,"84":0,"85":0,"86":0,"87":1,"88":0,"89":1,"90":0,"91":0,"92":0,"93":0,"94":0,"95":0,"96":0,"97":0,"98":0,"99":0,"100":0,"101":1,"102":0,"103":0,"104":0,"105":0,"106":0,"107":0,"108":0,"109":0,"110":0,"111":1},"f":{"0":2,"1":0,"2":4,"3":0,"4":0,"5":0,"6":0,"7":0,"8":0},"b":{"0":[1],"1":[0],"2":[1],"3":[1],"4":[1],"5":[0],"6":[0],"7":[0],"8":[0],"9":[0]}}
,"D:\\Usuario_OLD\\COMPUCENTER-DM\\Documents\\Tecnologias_lenguajes\\_backend\\FullStack_Node.js_React_TS_NestJS_Next.js_Creando_Proyectos\\proyectos\\CASHTRACKR\\Backend\\src\\controllers\\BudgetController.ts": {"path":"D:\\Usuario_OLD\\COMPUCENTER-DM\\Documents\\Tecnologias_lenguajes\\_backend\\FullStack_Node.js_React_TS_NestJS_Next.js_Creando_Proyectos\\proyectos\\CASHTRACKR\\Backend\\src\\controllers\\BudgetController.ts","statementMap":{"0":{"start":{"line":2,"column":0},"end":{"line":2,"column":38}},"1":{"start":{"line":3,"column":0},"end":{"line":3,"column":40}},"2":{"start":{"line":5,"column":18},"end":{"line":22,"column":3}},"3":{"start":{"line":7,"column":4},"end":{"line":21,"column":5}},"4":{"start":{"line":8,"column":21},"end":{"line":16,"column":8}},"5":{"start":{"line":17,"column":6},"end":{"line":17,"column":35}},"6":{"start":{"line":19,"column":6},"end":{"line":19,"column":87}},"7":{"start":{"line":20,"column":6},"end":{"line":20,"column":12}},"8":{"start":{"line":23,"column":19},"end":{"line":29,"column":3}},"9":{"start":{"line":25,"column":19},"end":{"line":27,"column":6}},"10":{"start":{"line":28,"column":6},"end":{"line":28,"column":35}},"11":{"start":{"line":30,"column":18},"end":{"line":41,"column":3}},"12":{"start":{"line":31,"column":4},"end":{"line":40,"column":5}},"13":{"start":{"line":32,"column":21},"end":{"line":32,"column":50}},"14":{"start":{"line":34,"column":6},"end":{"line":34,"column":null}},"15":{"start":{"line":35,"column":6},"end":{"line":35,"column":26}},"16":{"start":{"line":36,"column":6},"end":{"line":36,"column":64}},"17":{"start":{"line":38,"column":6},"end":{"line":38,"column":81}},"18":{"start":{"line":39,"column":6},"end":{"line":39,"column":12}},"19":{"start":{"line":42,"column":22},"end":{"line":46,"column":3}},"20":{"start":{"line":43,"column":19},"end":{"line":43,"column":27}},"21":{"start":{"line":44,"column":4},"end":{"line":44,"column":36}},"22":{"start":{"line":45,"column":4},"end":{"line":45,"column":67}},"23":{"start":{"line":47,"column":22},"end":{"line":51,"column":3}},"24":{"start":{"line":48,"column":19},"end":{"line":48,"column":27}},"25":{"start":{"line":49,"column":4},"end":{"line":49,"column":37}},"26":{"start":{"line":50,"column":4},"end":{"line":50,"column":51}},"27":{"start":{"line":4,"column":0},"end":{"line":4,"column":13}}},"fnMap":{"0":{"name":"(anonymous_1)","decl":{"start":{"line":5,"column":18},"end":{"line":5,"column":23}},"loc":{"start":{"line":5,"column":56},"end":{"line":22,"column":3}}},"1":{"name":"(anonymous_2)","decl":{"start":{"line":23,"column":19},"end":{"line":23,"column":24}},"loc":{"start":{"line":23,"column":57},"end":{"line":29,"column":3}}},"2":{"name":"(anonymous_3)","decl":{"start":{"line":30,"column":18},"end":{"line":30,"column":23}},"loc":{"start":{"line":30,"column":56},"end":{"line":41,"column":3}}},"3":{"name":"(anonymous_4)","decl":{"start":{"line":42,"column":22},"end":{"line":42,"column":27}},"loc":{"start":{"line":42,"column":60},"end":{"line":46,"column":3}}},"4":{"name":"(anonymous_5)","decl":{"start":{"line":47,"column":22},"end":{"line":47,"column":27}},"loc":{"start":{"line":47,"column":60},"end":{"line":51,"column":3}}}},"branchMap":{},"s":{"0":1,"1":1,"2":1,"3":4,"4":4,"5":3,"6":1,"7":1,"8":1,"9":3,"10":3,"11":1,"12":2,"13":2,"14":1,"15":1,"16":1,"17":1,"18":1,"19":1,"20":1,"21":1,"22":1,"23":1,"24":1,"25":1,"26":1,"27":1},"f":{"0":4,"1":3,"2":2,"3":1,"4":1},"b":{}}
,"D:\\Usuario_OLD\\COMPUCENTER-DM\\Documents\\Tecnologias_lenguajes\\_backend\\FullStack_Node.js_React_TS_NestJS_Next.js_Creando_Proyectos\\proyectos\\CASHTRACKR\\Backend\\src\\controllers\\ExpenseController.ts": {"path":"D:\\Usuario_OLD\\COMPUCENTER-DM\\Documents\\Tecnologias_lenguajes\\_backend\\FullStack_Node.js_React_TS_NestJS_Next.js_Creando_Proyectos\\proyectos\\CASHTRACKR\\Backend\\src\\controllers\\ExpenseController.ts","statementMap":{"0":{"start":{"line":2,"column":0},"end":{"line":2,"column":40}},"1":{"start":{"line":4,"column":18},"end":{"line":15,"column":3}},"2":{"start":{"line":5,"column":4},"end":{"line":14,"column":5}},"3":{"start":{"line":6,"column":22},"end":{"line":6,"column":52}},"4":{"start":{"line":7,"column":6},"end":{"line":7,"column":null}},"5":{"start":{"line":8,"column":6},"end":{"line":8,"column":27}},"6":{"start":{"line":9,"column":6},"end":{"line":9,"column":44}},"7":{"start":{"line":11,"column":16},"end":{"line":11,"column":67}},"8":{"start":{"line":12,"column":6},"end":{"line":12,"column":49}},"9":{"start":{"line":13,"column":6},"end":{"line":13,"column":12}},"10":{"start":{"line":17,"column":19},"end":{"line":20,"column":3}},"11":{"start":{"line":19,"column":4},"end":{"line":19,"column":38}},"12":{"start":{"line":21,"column":22},"end":{"line":24,"column":3}},"13":{"start":{"line":22,"column":4},"end":{"line":22,"column":39}},"14":{"start":{"line":23,"column":4},"end":{"line":23,"column":61}},"15":{"start":{"line":25,"column":22},"end":{"line":28,"column":3}},"16":{"start":{"line":26,"column":4},"end":{"line":26,"column":40}},"17":{"start":{"line":27,"column":4},"end":{"line":27,"column":45}},"18":{"start":{"line":3,"column":0},"end":{"line":3,"column":13}}},"fnMap":{"0":{"name":"(anonymous_1)","decl":{"start":{"line":4,"column":18},"end":{"line":4,"column":23}},"loc":{"start":{"line":4,"column":56},"end":{"line":15,"column":3}}},"1":{"name":"(anonymous_2)","decl":{"start":{"line":17,"column":19},"end":{"line":17,"column":24}},"loc":{"start":{"line":17,"column":57},"end":{"line":20,"column":3}}},"2":{"name":"(anonymous_3)","decl":{"start":{"line":21,"column":22},"end":{"line":21,"column":27}},"loc":{"start":{"line":21,"column":60},"end":{"line":24,"column":3}}},"3":{"name":"(anonymous_4)","decl":{"start":{"line":25,"column":22},"end":{"line":25,"column":27}},"loc":{"start":{"line":25,"column":60},"end":{"line":28,"column":3}}}},"branchMap":{},"s":{"0":1,"1":1,"2":2,"3":2,"4":1,"5":1,"6":1,"7":1,"8":1,"9":1,"10":1,"11":1,"12":1,"13":1,"14":1,"15":1,"16":1,"17":1,"18":1},"f":{"0":2,"1":1,"2":1,"3":1},"b":{}}
,"D:\\Usuario_OLD\\COMPUCENTER-DM\\Documents\\Tecnologias_lenguajes\\_backend\\FullStack_Node.js_React_TS_NestJS_Next.js_Creando_Proyectos\\proyectos\\CASHTRACKR\\Backend\\src\\emails\\AuthEmail.ts": {"path":"D:\\Usuario_OLD\\COMPUCENTER-DM\\Documents\\Tecnologias_lenguajes\\_backend\\FullStack_Node.js_React_TS_NestJS_Next.js_Creando_Proyectos\\proyectos\\CASHTRACKR\\Backend\\src\\emails\\AuthEmail.ts","statementMap":{"0":{"start":{"line":1,"column":0},"end":{"line":1,"column":48}},"1":{"start":{"line":8,"column":33},"end":{"line":21,"column":3}},"2":{"start":{"line":9,"column":18},"end":{"line":19,"column":6}},"3":{"start":{"line":20,"column":4},"end":{"line":20,"column":null}},"4":{"start":{"line":23,"column":34},"end":{"line":35,"column":3}},"5":{"start":{"line":24,"column":18},"end":{"line":33,"column":6}},"6":{"start":{"line":34,"column":4},"end":{"line":34,"column":null}},"7":{"start":{"line":7,"column":0},"end":{"line":7,"column":13}}},"fnMap":{"0":{"name":"(anonymous_0)","decl":{"start":{"line":8,"column":33},"end":{"line":8,"column":38}},"loc":{"start":{"line":8,"column":59},"end":{"line":21,"column":3}}},"1":{"name":"(anonymous_1)","decl":{"start":{"line":23,"column":34},"end":{"line":23,"column":39}},"loc":{"start":{"line":23,"column":60},"end":{"line":35,"column":3}}}},"branchMap":{},"s":{"0":1,"1":1,"2":0,"3":0,"4":1,"5":0,"6":0,"7":1},"f":{"0":0,"1":0},"b":{}}
,"D:\\Usuario_OLD\\COMPUCENTER-DM\\Documents\\Tecnologias_lenguajes\\_backend\\FullStack_Node.js_React_TS_NestJS_Next.js_Creando_Proyectos\\proyectos\\CASHTRACKR\\Backend\\src\\middleware\\budget.ts": {"path":"D:\\Usuario_OLD\\COMPUCENTER-DM\\Documents\\Tecnologias_lenguajes\\_backend\\FullStack_Node.js_React_TS_NestJS_Next.js_Creando_Proyectos\\proyectos\\CASHTRACKR\\Backend\\src\\middleware\\budget.ts","statementMap":{"0":{"start":{"line":2,"column":0},"end":{"line":2,"column":65}},"1":{"start":{"line":3,"column":0},"end":{"line":3,"column":38}},"2":{"start":{"line":13,"column":32},"end":{"line":26,"column":1}},"3":{"start":{"line":14,"column":2},"end":{"line":17,"column":null}},"4":{"start":{"line":16,"column":21},"end":{"line":16,"column":30}},"5":{"start":{"line":19,"column":17},"end":{"line":19,"column":38}},"6":{"start":{"line":20,"column":2},"end":{"line":23,"column":3}},"7":{"start":{"line":21,"column":4},"end":{"line":21,"column":null}},"8":{"start":{"line":22,"column":4},"end":{"line":22,"column":10}},"9":{"start":{"line":25,"column":2},"end":{"line":25,"column":null}},"10":{"start":{"line":13,"column":13},"end":{"line":13,"column":32}},"11":{"start":{"line":28,"column":36},"end":{"line":44,"column":1}},"12":{"start":{"line":29,"column":2},"end":{"line":43,"column":3}},"13":{"start":{"line":30,"column":25},"end":{"line":30,"column":35}},"14":{"start":{"line":31,"column":19},"end":{"line":31,"column":50}},"15":{"start":{"line":32,"column":4},"end":{"line":36,"column":5}},"16":{"start":{"line":33,"column":20},"end":{"line":33,"column":67}},"17":{"start":{"line":34,"column":6},"end":{"line":34,"column":53}},"18":{"start":{"line":35,"column":6},"end":{"line":35,"column":12}},"19":{"start":{"line":37,"column":4},"end":{"line":37,"column":null}},"20":{"start":{"line":38,"column":4},"end":{"line":38,"column":null}},"21":{"start":{"line":40,"column":14},"end":{"line":40,"column":58}},"22":{"start":{"line":41,"column":4},"end":{"line":41,"column":47}},"23":{"start":{"line":42,"column":4},"end":{"line":42,"column":10}},"24":{"start":{"line":28,"column":13},"end":{"line":28,"column":36}},"25":{"start":{"line":45,"column":35},"end":{"line":55,"column":1}},"26":{"start":{"line":46,"column":2},"end":{"line":48,"column":null}},"27":{"start":{"line":49,"column":2},"end":{"line":52,"column":null}},"28":{"start":{"line":52,"column":21},"end":{"line":52,"column":30}},"29":{"start":{"line":54,"column":2},"end":{"line":54,"column":null}},"30":{"start":{"line":45,"column":13},"end":{"line":45,"column":35}},"31":{"start":{"line":59,"column":25},"end":{"line":66,"column":1}},"32":{"start":{"line":60,"column":2},"end":{"line":64,"column":3}},"33":{"start":{"line":61,"column":18},"end":{"line":61,"column":76}},"34":{"start":{"line":62,"column":4},"end":{"line":62,"column":null}},"35":{"start":{"line":63,"column":4},"end":{"line":63,"column":10}},"36":{"start":{"line":65,"column":2},"end":{"line":65,"column":9}},"37":{"start":{"line":59,"column":14},"end":{"line":59,"column":25}}},"fnMap":{"0":{"name":"(anonymous_1)","decl":{"start":{"line":13,"column":32},"end":{"line":13,"column":37}},"loc":{"start":{"line":13,"column":90},"end":{"line":26,"column":1}}},"1":{"name":"(anonymous_2)","decl":{"start":{"line":16,"column":12},"end":{"line":16,"column":17}},"loc":{"start":{"line":16,"column":21},"end":{"line":16,"column":30}}},"2":{"name":"(anonymous_3)","decl":{"start":{"line":28,"column":36},"end":{"line":28,"column":41}},"loc":{"start":{"line":28,"column":94},"end":{"line":44,"column":1}}},"3":{"name":"(anonymous_4)","decl":{"start":{"line":45,"column":35},"end":{"line":45,"column":40}},"loc":{"start":{"line":45,"column":93},"end":{"line":55,"column":1}}},"4":{"name":"(anonymous_5)","decl":{"start":{"line":52,"column":12},"end":{"line":52,"column":17}},"loc":{"start":{"line":52,"column":21},"end":{"line":52,"column":30}}},"5":{"name":"(anonymous_6)","decl":{"start":{"line":59,"column":25},"end":{"line":59,"column":26}},"loc":{"start":{"line":59,"column":77},"end":{"line":66,"column":1}}}},"branchMap":{"0":{"loc":{"start":{"line":20,"column":2},"end":{"line":23,"column":3}},"type":"if","locations":[{"start":{"line":20,"column":2},"end":{"line":23,"column":3}}]},"1":{"loc":{"start":{"line":32,"column":4},"end":{"line":36,"column":5}},"type":"if","locations":[{"start":{"line":32,"column":4},"end":{"line":36,"column":5}}]},"2":{"loc":{"start":{"line":60,"column":2},"end":{"line":64,"column":3}},"type":"if","locations":[{"start":{"line":60,"column":2},"end":{"line":64,"column":3}}]}},"s":{"0":2,"1":2,"2":2,"3":0,"4":0,"5":0,"6":0,"7":0,"8":0,"9":0,"10":2,"11":2,"12":3,"13":3,"14":3,"15":2,"16":1,"17":1,"18":1,"19":1,"20":1,"21":1,"22":1,"23":1,"24":2,"25":2,"26":0,"27":0,"28":0,"29":0,"30":2,"31":2,"32":3,"33":2,"34":2,"35":2,"36":1,"37":2},"f":{"0":0,"1":0,"2":3,"3":0,"4":0,"5":3},"b":{"0":[0],"1":[1],"2":[2]}}
,"D:\\Usuario_OLD\\COMPUCENTER-DM\\Documents\\Tecnologias_lenguajes\\_backend\\FullStack_Node.js_React_TS_NestJS_Next.js_Creando_Proyectos\\proyectos\\CASHTRACKR\\Backend\\src\\middleware\\expense.ts": {"path":"D:\\Usuario_OLD\\COMPUCENTER-DM\\Documents\\Tecnologias_lenguajes\\_backend\\FullStack_Node.js_React_TS_NestJS_Next.js_Creando_Proyectos\\proyectos\\CASHTRACKR\\Backend\\src\\middleware\\expense.ts","statementMap":{"0":{"start":{"line":2,"column":0},"end":{"line":2,"column":64}},"1":{"start":{"line":3,"column":0},"end":{"line":3,"column":39}},"2":{"start":{"line":13,"column":36},"end":{"line":23,"column":1}},"3":{"start":{"line":14,"column":2},"end":{"line":16,"column":null}},"4":{"start":{"line":17,"column":2},"end":{"line":20,"column":null}},"5":{"start":{"line":20,"column":21},"end":{"line":20,"column":30}},"6":{"start":{"line":22,"column":2},"end":{"line":22,"column":null}},"7":{"start":{"line":13,"column":13},"end":{"line":13,"column":36}},"8":{"start":{"line":25,"column":33},"end":{"line":36,"column":1}},"9":{"start":{"line":26,"column":2},"end":{"line":29,"column":null}},"10":{"start":{"line":28,"column":21},"end":{"line":28,"column":30}},"11":{"start":{"line":31,"column":19},"end":{"line":31,"column":40}},"12":{"start":{"line":32,"column":2},"end":{"line":34,"column":3}},"13":{"start":{"line":33,"column":4},"end":{"line":33,"column":null}},"14":{"start":{"line":35,"column":2},"end":{"line":35,"column":null}},"15":{"start":{"line":25,"column":13},"end":{"line":25,"column":33}},"16":{"start":{"line":38,"column":37},"end":{"line":54,"column":1}},"17":{"start":{"line":39,"column":2},"end":{"line":53,"column":3}},"18":{"start":{"line":40,"column":26},"end":{"line":40,"column":36}},"19":{"start":{"line":41,"column":20},"end":{"line":41,"column":53}},"20":{"start":{"line":42,"column":4},"end":{"line":46,"column":5}},"21":{"start":{"line":43,"column":20},"end":{"line":43,"column":75}},"22":{"start":{"line":44,"column":6},"end":{"line":44,"column":53}},"23":{"start":{"line":45,"column":6},"end":{"line":45,"column":12}},"24":{"start":{"line":47,"column":4},"end":{"line":47,"column":null}},"25":{"start":{"line":48,"column":4},"end":{"line":48,"column":null}},"26":{"start":{"line":50,"column":14},"end":{"line":50,"column":54}},"27":{"start":{"line":51,"column":4},"end":{"line":51,"column":47}},"28":{"start":{"line":52,"column":4},"end":{"line":52,"column":10}},"29":{"start":{"line":38,"column":13},"end":{"line":38,"column":37}}},"fnMap":{"0":{"name":"(anonymous_1)","decl":{"start":{"line":13,"column":36},"end":{"line":13,"column":41}},"loc":{"start":{"line":13,"column":94},"end":{"line":23,"column":1}}},"1":{"name":"(anonymous_2)","decl":{"start":{"line":20,"column":12},"end":{"line":20,"column":17}},"loc":{"start":{"line":20,"column":21},"end":{"line":20,"column":30}}},"2":{"name":"(anonymous_3)","decl":{"start":{"line":25,"column":33},"end":{"line":25,"column":38}},"loc":{"start":{"line":25,"column":91},"end":{"line":36,"column":1}}},"3":{"name":"(anonymous_4)","decl":{"start":{"line":28,"column":12},"end":{"line":28,"column":17}},"loc":{"start":{"line":28,"column":21},"end":{"line":28,"column":30}}},"4":{"name":"(anonymous_5)","decl":{"start":{"line":38,"column":37},"end":{"line":38,"column":42}},"loc":{"start":{"line":38,"column":95},"end":{"line":54,"column":1}}}},"branchMap":{"0":{"loc":{"start":{"line":32,"column":2},"end":{"line":34,"column":3}},"type":"if","locations":[{"start":{"line":32,"column":2},"end":{"line":34,"column":3}}]},"1":{"loc":{"start":{"line":42,"column":4},"end":{"line":46,"column":5}},"type":"if","locations":[{"start":{"line":42,"column":4},"end":{"line":46,"column":5}}]}},"s":{"0":1,"1":1,"2":1,"3":0,"4":0,"5":0,"6":0,"7":1,"8":1,"9":0,"10":0,"11":0,"12":0,"13":0,"14":0,"15":1,"16":1,"17":3,"18":3,"19":3,"20":2,"21":1,"22":1,"23":1,"24":1,"25":1,"26":1,"27":1,"28":1,"29":1},"f":{"0":0,"1":0,"2":0,"3":0,"4":3},"b":{"0":[0],"1":[1]}}
,"D:\\Usuario_OLD\\COMPUCENTER-DM\\Documents\\Tecnologias_lenguajes\\_backend\\FullStack_Node.js_React_TS_NestJS_Next.js_Creando_Proyectos\\proyectos\\CASHTRACKR\\Backend\\src\\models\\Budget.ts": {"path":"D:\\Usuario_OLD\\COMPUCENTER-DM\\Documents\\Tecnologias_lenguajes\\_backend\\FullStack_Node.js_React_TS_NestJS_Next.js_Creando_Proyectos\\proyectos\\CASHTRACKR\\Backend\\src\\models\\Budget.ts","statementMap":{"0":{"start":{"line":2,"column":0},"end":{"line":2,"column":112}},"1":{"start":{"line":3,"column":0},"end":{"line":3,"column":31}},"2":{"start":{"line":4,"column":0},"end":{"line":4,"column":25}},"3":{"start":{"line":9,"column":0},"end":{"line":36,"column":null}},"4":{"start":{"line":14,"column":10},"end":{"line":14,"column":null}},"5":{"start":{"line":20,"column":10},"end":{"line":20,"column":null}},"6":{"start":{"line":27,"column":10},"end":{"line":27,"column":null}},"7":{"start":{"line":23,"column":17},"end":{"line":23,"column":24}},"8":{"start":{"line":31,"column":10},"end":{"line":31,"column":null}},"9":{"start":{"line":30,"column":20},"end":{"line":30,"column":24}},"10":{"start":{"line":35,"column":10},"end":{"line":35,"column":null}},"11":{"start":{"line":34,"column":19},"end":{"line":34,"column":23}},"12":{"start":{"line":9,"column":6},"end":{"line":36,"column":null}},"13":{"start":{"line":37,"column":0},"end":{"line":37,"column":null}}},"fnMap":{"0":{"name":"(anonymous_3)","decl":{"start":{"line":23,"column":11},"end":{"line":23,"column":14}},"loc":{"start":{"line":23,"column":17},"end":{"line":23,"column":24}}},"1":{"name":"(anonymous_4)","decl":{"start":{"line":30,"column":14},"end":{"line":30,"column":17}},"loc":{"start":{"line":30,"column":20},"end":{"line":30,"column":24}}},"2":{"name":"(anonymous_5)","decl":{"start":{"line":34,"column":13},"end":{"line":34,"column":16}},"loc":{"start":{"line":34,"column":19},"end":{"line":34,"column":23}}}},"branchMap":{"0":{"loc":{"start":{"line":35,"column":16},"end":{"line":35,"column":null}},"type":"cond-expr","locations":[{"start":{"line":35,"column":20},"end":{"line":35,"column":null}},{"start":{"line":35,"column":20},"end":{"line":35,"column":null}}]},"1":{"loc":{"start":{"line":35,"column":16},"end":{"line":35,"column":20}},"type":"binary-expr","locations":[{"start":{"line":35,"column":16},"end":{"line":35,"column":null}},{"start":{"line":35,"column":16},"end":{"line":35,"column":20}}]}},"s":{"0":2,"1":2,"2":2,"3":2,"4":2,"5":2,"6":2,"7":0,"8":2,"9":0,"10":2,"11":0,"12":2,"13":2},"f":{"0":0,"1":0,"2":0},"b":{"0":[1,1],"1":[2,2]}}
,"D:\\Usuario_OLD\\COMPUCENTER-DM\\Documents\\Tecnologias_lenguajes\\_backend\\FullStack_Node.js_React_TS_NestJS_Next.js_Creando_Proyectos\\proyectos\\CASHTRACKR\\Backend\\src\\models\\Expense.ts": {"path":"D:\\Usuario_OLD\\COMPUCENTER-DM\\Documents\\Tecnologias_lenguajes\\_backend\\FullStack_Node.js_React_TS_NestJS_Next.js_Creando_Proyectos\\proyectos\\CASHTRACKR\\Backend\\src\\models\\Expense.ts","statementMap":{"0":{"start":{"line":2,"column":0},"end":{"line":2,"column":112}},"1":{"start":{"line":3,"column":0},"end":{"line":3,"column":29}},"2":{"start":{"line":8,"column":0},"end":{"line":27,"column":null}},"3":{"start":{"line":13,"column":10},"end":{"line":13,"column":null}},"4":{"start":{"line":19,"column":10},"end":{"line":19,"column":null}},"5":{"start":{"line":23,"column":10},"end":{"line":23,"column":null}},"6":{"start":{"line":22,"column":20},"end":{"line":22,"column":26}},"7":{"start":{"line":26,"column":10},"end":{"line":26,"column":null}},"8":{"start":{"line":25,"column":19},"end":{"line":25,"column":25}},"9":{"start":{"line":8,"column":6},"end":{"line":27,"column":null}},"10":{"start":{"line":28,"column":0},"end":{"line":28,"column":null}}},"fnMap":{"0":{"name":"(anonymous_3)","decl":{"start":{"line":22,"column":14},"end":{"line":22,"column":17}},"loc":{"start":{"line":22,"column":20},"end":{"line":22,"column":26}}},"1":{"name":"(anonymous_4)","decl":{"start":{"line":25,"column":13},"end":{"line":25,"column":16}},"loc":{"start":{"line":25,"column":19},"end":{"line":25,"column":25}}}},"branchMap":{"0":{"loc":{"start":{"line":26,"column":18},"end":{"line":26,"column":null}},"type":"cond-expr","locations":[{"start":{"line":26,"column":24},"end":{"line":26,"column":null}},{"start":{"line":26,"column":24},"end":{"line":26,"column":null}}]},"1":{"loc":{"start":{"line":26,"column":18},"end":{"line":26,"column":24}},"type":"binary-expr","locations":[{"start":{"line":26,"column":18},"end":{"line":26,"column":null}},{"start":{"line":26,"column":18},"end":{"line":26,"column":24}}]}},"s":{"0":2,"1":2,"2":2,"3":2,"4":2,"5":2,"6":0,"7":2,"8":0,"9":2,"10":2},"f":{"0":0,"1":0},"b":{"0":[0,2],"1":[2,1]}}
,"D:\\Usuario_OLD\\COMPUCENTER-DM\\Documents\\Tecnologias_lenguajes\\_backend\\FullStack_Node.js_React_TS_NestJS_Next.js_Creando_Proyectos\\proyectos\\CASHTRACKR\\Backend\\src\\models\\User.ts": {"path":"D:\\Usuario_OLD\\COMPUCENTER-DM\\Documents\\Tecnologias_lenguajes\\_backend\\FullStack_Node.js_React_TS_NestJS_Next.js_Creando_Proyectos\\proyectos\\CASHTRACKR\\Backend\\src\\models\\User.ts","statementMap":{"0":{"start":{"line":1,"column":0},"end":{"line":1,"column":130}},"1":{"start":{"line":2,"column":0},"end":{"line":2,"column":29}},"2":{"start":{"line":7,"column":0},"end":{"line":44,"column":null}},"3":{"start":{"line":12,"column":10},"end":{"line":12,"column":null}},"4":{"start":{"line":18,"column":10},"end":{"line":18,"column":null}},"5":{"start":{"line":25,"column":10},"end":{"line":25,"column":null}},"6":{"start":{"line":30,"column":10},"end":{"line":30,"column":null}},"7":{"start":{"line":36,"column":10},"end":{"line":36,"column":null}},"8":{"start":{"line":43,"column":10},"end":{"line":43,"column":null}},"9":{"start":{"line":39,"column":17},"end":{"line":39,"column":23}},"10":{"start":{"line":7,"column":6},"end":{"line":44,"column":null}},"11":{"start":{"line":45,"column":0},"end":{"line":45,"column":20}}},"fnMap":{"0":{"name":"(anonymous_3)","decl":{"start":{"line":39,"column":11},"end":{"line":39,"column":14}},"loc":{"start":{"line":39,"column":17},"end":{"line":39,"column":23}}}},"branchMap":{},"s":{"0":2,"1":2,"2":2,"3":2,"4":2,"5":2,"6":2,"7":2,"8":2,"9":0,"10":2,"11":2},"f":{"0":0},"b":{}}
,"D:\\Usuario_OLD\\COMPUCENTER-DM\\Documents\\Tecnologias_lenguajes\\_backend\\FullStack_Node.js_React_TS_NestJS_Next.js_Creando_Proyectos\\proyectos\\CASHTRACKR\\Backend\\src\\test\\mocks\\budgets.ts": {"path":"D:\\Usuario_OLD\\COMPUCENTER-DM\\Documents\\Tecnologias_lenguajes\\_backend\\FullStack_Node.js_React_TS_NestJS_Next.js_Creando_Proyectos\\proyectos\\CASHTRACKR\\Backend\\src\\test\\mocks\\budgets.ts","statementMap":{"0":{"start":{"line":1,"column":13},"end":{"line":71,"column":2}}},"fnMap":{},"branchMap":{},"s":{"0":3},"f":{},"b":{}}
,"D:\\Usuario_OLD\\COMPUCENTER-DM\\Documents\\Tecnologias_lenguajes\\_backend\\FullStack_Node.js_React_TS_NestJS_Next.js_Creando_Proyectos\\proyectos\\CASHTRACKR\\Backend\\src\\test\\mocks\\expense.ts": {"path":"D:\\Usuario_OLD\\COMPUCENTER-DM\\Documents\\Tecnologias_lenguajes\\_backend\\FullStack_Node.js_React_TS_NestJS_Next.js_Creando_Proyectos\\proyectos\\CASHTRACKR\\Backend\\src\\test\\mocks\\expense.ts","statementMap":{"0":{"start":{"line":1,"column":13},"end":{"line":26,"column":null}}},"fnMap":{},"branchMap":{},"s":{"0":2},"f":{},"b":{}}
,"D:\\Usuario_OLD\\COMPUCENTER-DM\\Documents\\Tecnologias_lenguajes\\_backend\\FullStack_Node.js_React_TS_NestJS_Next.js_Creando_Proyectos\\proyectos\\CASHTRACKR\\Backend\\src\\utils\\auth.ts": {"path":"D:\\Usuario_OLD\\COMPUCENTER-DM\\Documents\\Tecnologias_lenguajes\\_backend\\FullStack_Node.js_React_TS_NestJS_Next.js_Creando_Proyectos\\proyectos\\CASHTRACKR\\Backend\\src\\utils\\auth.ts","statementMap":{"0":{"start":{"line":1,"column":0},"end":{"line":1,"column":28}},"1":{"start":{"line":2,"column":27},"end":{"line":6,"column":1}},"2":{"start":{"line":3,"column":15},"end":{"line":3,"column":39}},"3":{"start":{"line":4,"column":25},"end":{"line":4,"column":58}},"4":{"start":{"line":5,"column":2},"end":{"line":5,"column":24}},"5":{"start":{"line":2,"column":13},"end":{"line":2,"column":27}},"6":{"start":{"line":8,"column":29},"end":{"line":10,"column":1}},"7":{"start":{"line":9,"column":2},"end":{"line":9,"column":56}},"8":{"start":{"line":8,"column":13},"end":{"line":8,"column":29}}},"fnMap":{"0":{"name":"(anonymous_1)","decl":{"start":{"line":2,"column":27},"end":{"line":2,"column":32}},"loc":{"start":{"line":2,"column":54},"end":{"line":6,"column":1}}},"1":{"name":"(anonymous_2)","decl":{"start":{"line":8,"column":29},"end":{"line":8,"column":34}},"loc":{"start":{"line":8,"column":80},"end":{"line":10,"column":1}}}},"branchMap":{},"s":{"0":1,"1":1,"2":0,"3":0,"4":0,"5":1,"6":1,"7":0,"8":1},"f":{"0":0,"1":0},"b":{}}
,"D:\\Usuario_OLD\\COMPUCENTER-DM\\Documents\\Tecnologias_lenguajes\\_backend\\FullStack_Node.js_React_TS_NestJS_Next.js_Creando_Proyectos\\proyectos\\CASHTRACKR\\Backend\\src\\utils\\jwt.ts": {"path":"D:\\Usuario_OLD\\COMPUCENTER-DM\\Documents\\Tecnologias_lenguajes\\_backend\\FullStack_Node.js_React_TS_NestJS_Next.js_Creando_Proyectos\\proyectos\\CASHTRACKR\\Backend\\src\\utils\\jwt.ts","statementMap":{"0":{"start":{"line":1,"column":0},"end":{"line":1,"column":30}},"1":{"start":{"line":3,"column":27},"end":{"line":8,"column":1}},"2":{"start":{"line":4,"column":16},"end":{"line":6,"column":4}},"3":{"start":{"line":7,"column":2},"end":{"line":7,"column":null}},"4":{"start":{"line":3,"column":13},"end":{"line":3,"column":27}}},"fnMap":{"0":{"name":"(anonymous_1)","decl":{"start":{"line":3,"column":27},"end":{"line":3,"column":28}},"loc":{"start":{"line":3,"column":50},"end":{"line":8,"column":1}}}},"branchMap":{},"s":{"0":1,"1":1,"2":0,"3":0,"4":1},"f":{"0":0},"b":{}}
,"D:\\Usuario_OLD\\COMPUCENTER-DM\\Documents\\Tecnologias_lenguajes\\_backend\\FullStack_Node.js_React_TS_NestJS_Next.js_Creando_Proyectos\\proyectos\\CASHTRACKR\\Backend\\src\\utils\\token.ts": {"path":"D:\\Usuario_OLD\\COMPUCENTER-DM\\Documents\\Tecnologias_lenguajes\\_backend\\FullStack_Node.js_React_TS_NestJS_Next.js_Creando_Proyectos\\proyectos\\CASHTRACKR\\Backend\\src\\utils\\token.ts","statementMap":{"0":{"start":{"line":1,"column":29},"end":{"line":1,"column":89}},"1":{"start":{"line":1,"column":35},"end":{"line":1,"column":89}},"2":{"start":{"line":1,"column":13},"end":{"line":1,"column":29}}},"fnMap":{"0":{"name":"(anonymous_0)","decl":{"start":{"line":1,"column":29},"end":{"line":1,"column":32}},"loc":{"start":{"line":1,"column":35},"end":{"line":1,"column":89}}}},"branchMap":{},"s":{"0":1,"1":0,"2":1},"f":{"0":0},"b":{}}
}
