TN:
SF:src\server.ts
FN:8,connectDB
FN:31,(anonymous_2)
FNF:2
FNH:1
FNDA:1,connectDB
FNDA:0,(anonymous_2)
DA:1,1
DA:3,1
DA:4,1
DA:5,1
DA:6,1
DA:8,1
DA:9,1
DA:10,1
DA:11,1
DA:15,0
DA:19,1
DA:21,1
DA:23,1
DA:25,1
DA:27,1
DA:28,1
DA:30,1
DA:31,1
DA:32,0
DA:35,1
LF:20
LH:18
BRF:0
BRH:0
end_of_record
TN:
SF:src\config\db.ts
FNF:0
FNH:0
DA:1,1
DA:2,1
DA:4,1
DA:6,1
LF:4
LH:4
BRF:0
BRH:0
end_of_record
TN:
SF:src\config\limiter.ts
FNF:0
FNH:0
DA:1,1
DA:4,1
LF:2
LH:2
BRDA:6,0,0,0
BRDA:6,0,1,1
BRF:2
BRH:1
end_of_record
TN:
SF:src\config\nodemailer.ts
FN:6,(anonymous_1)
FNF:1
FNH:1
FNDA:2,(anonymous_1)
DA:2,2
DA:3,2
DA:4,2
DA:6,2
DA:7,2
DA:16,2
LF:6
LH:6
BRF:0
BRH:0
end_of_record
TN:
SF:src\controllers\AuthController.ts
FN:9,(anonymous_1)
FN:45,(anonymous_2)
FN:69,(anonymous_3)
FN:97,(anonymous_4)
FN:118,(anonymous_5)
FN:130,(anonymous_6)
FN:148,(anonymous_7)
FN:152,(anonymous_8)
FN:170,(anonymous_9)
FNF:9
FNH:3
FNDA:5,(anonymous_1)
FNDA:2,(anonymous_2)
FNDA:14,(anonymous_3)
FNDA:0,(anonymous_4)
FNDA:0,(anonymous_5)
FNDA:0,(anonymous_6)
FNDA:0,(anonymous_7)
FNDA:0,(anonymous_8)
FNDA:0,(anonymous_9)
DA:2,2
DA:3,2
DA:4,2
DA:5,2
DA:6,2
DA:8,2
DA:9,2
DA:10,5
DA:12,5
DA:14,5
DA:15,3
DA:16,3
DA:17,3
DA:19,2
DA:20,2
DA:22,2
DA:24,2
DA:25,2
DA:27,2
DA:28,2
DA:30,2
DA:32,2
DA:37,2
DA:38,2
DA:40,0
DA:41,0
DA:45,2
DA:47,2
DA:49,2
DA:50,2
DA:51,2
DA:52,1
DA:53,1
DA:54,1
DA:56,1
DA:58,1
DA:59,1
DA:61,1
DA:62,1
DA:64,0
DA:65,0
DA:66,0
DA:69,2
DA:70,14
DA:72,14
DA:73,14
DA:74,2
DA:75,2
DA:76,2
DA:79,12
DA:80,3
DA:81,3
DA:82,3
DA:85,9
DA:86,9
DA:87,2
DA:88,2
DA:89,2
DA:92,7
DA:93,7
DA:94,7
DA:97,2
DA:98,0
DA:100,0
DA:101,0
DA:102,0
DA:103,0
DA:104,0
DA:106,0
DA:107,0
DA:109,0
DA:114,0
DA:115,0
DA:118,2
DA:119,0
DA:121,0
DA:122,0
DA:123,0
DA:124,0
DA:125,0
DA:127,0
DA:130,2
DA:131,0
DA:132,0
DA:134,0
DA:135,0
DA:136,0
DA:137,0
DA:138,0
DA:141,0
DA:143,0
DA:144,0
DA:145,0
DA:146,0
DA:148,2
DA:149,0
DA:152,2
DA:153,0
DA:154,0
DA:155,0
DA:157,0
DA:158,0
DA:159,0
DA:160,0
DA:161,0
DA:164,0
DA:165,0
DA:166,0
DA:167,0
DA:170,2
DA:171,0
DA:172,0
DA:174,0
DA:176,0
DA:177,0
DA:178,0
DA:179,0
DA:180,0
DA:182,0
DA:183,0
LF:120
LH:62
BRDA:14,0,0,3
BRDA:27,1,0,2
BRDA:51,2,0,1
BRDA:73,3,0,2
BRDA:79,4,0,3
BRDA:86,5,0,2
BRDA:101,6,0,0
BRDA:122,7,0,0
BRDA:135,8,0,0
BRDA:158,9,0,0
BRDA:177,10,0,0
BRF:11
BRH:6
end_of_record
TN:
SF:src\controllers\BudgetController.ts
FN:5,(anonymous_1)
FN:22,(anonymous_2)
FN:30,(anonymous_3)
FN:42,(anonymous_4)
FN:47,(anonymous_5)
FNF:5
FNH:5
FNDA:5,(anonymous_1)
FNDA:4,(anonymous_2)
FNDA:3,(anonymous_3)
FNDA:2,(anonymous_4)
FNDA:2,(anonymous_5)
DA:2,2
DA:3,2
DA:4,2
DA:5,2
DA:6,5
DA:7,5
DA:16,4
DA:18,1
DA:19,1
DA:22,2
DA:24,4
DA:27,4
DA:28,4
DA:30,2
DA:31,3
DA:32,3
DA:34,2
DA:35,2
DA:36,2
DA:38,1
DA:39,1
DA:42,2
DA:43,2
DA:44,2
DA:45,2
DA:47,2
DA:48,2
DA:49,2
DA:50,2
LF:29
LH:29
BRF:0
BRH:0
end_of_record
TN:
SF:src\controllers\ExpenseController.ts
FN:4,(anonymous_1)
FN:17,(anonymous_2)
FN:21,(anonymous_3)
FN:25,(anonymous_4)
FNF:4
FNH:4
FNDA:2,(anonymous_1)
FNDA:1,(anonymous_2)
FNDA:1,(anonymous_3)
FNDA:1,(anonymous_4)
DA:2,2
DA:3,2
DA:4,2
DA:5,2
DA:6,2
DA:7,1
DA:8,1
DA:9,1
DA:11,1
DA:12,1
DA:13,1
DA:17,2
DA:19,1
DA:21,2
DA:22,1
DA:23,1
DA:25,2
DA:26,1
DA:27,1
LF:19
LH:19
BRF:0
BRH:0
end_of_record
TN:
SF:src\emails\AuthEmail.ts
FN:8,(anonymous_0)
FN:22,(anonymous_1)
FNF:2
FNH:1
FNDA:1,(anonymous_0)
FNDA:0,(anonymous_1)
DA:1,2
DA:7,2
DA:8,2
DA:9,1
DA:22,2
DA:23,0
LF:6
LH:5
BRF:0
BRH:0
end_of_record
TN:
SF:src\middleware\auth.ts
FN:13,(anonymous_1)
FNF:1
FNH:1
FNDA:16,(anonymous_1)
DA:2,1
DA:3,1
DA:13,1
DA:15,16
DA:16,16
DA:17,5
DA:18,5
DA:19,5
DA:21,11
DA:23,11
DA:24,0
DA:25,0
DA:26,0
DA:29,11
DA:30,11
DA:31,10
DA:32,10
DA:35,10
DA:38,1
LF:19
LH:16
BRDA:16,0,0,5
BRDA:23,1,0,0
BRDA:31,2,0,10
BRDA:31,3,0,10
BRDA:31,3,1,10
BRF:5
BRH:4
end_of_record
TN:
SF:src\middleware\budget.ts
FN:13,(anonymous_1)
FN:16,(anonymous_2)
FN:28,(anonymous_3)
FN:44,(anonymous_4)
FN:51,(anonymous_5)
FN:58,(anonymous_6)
FNF:6
FNH:6
FNDA:7,(anonymous_1)
FNDA:6,(anonymous_2)
FNDA:9,(anonymous_3)
FNDA:4,(anonymous_4)
FNDA:4,(anonymous_5)
FNDA:7,(anonymous_6)
DA:2,3
DA:3,3
DA:13,3
DA:14,7
DA:16,6
DA:19,7
DA:20,7
DA:21,1
DA:22,1
DA:25,6
DA:28,3
DA:29,9
DA:30,9
DA:31,9
DA:32,8
DA:33,3
DA:34,3
DA:35,3
DA:37,5
DA:38,5
DA:40,1
DA:41,1
DA:44,3
DA:45,4
DA:48,4
DA:51,4
DA:53,4
DA:58,3
DA:59,7
DA:60,2
DA:61,2
DA:62,2
DA:64,5
LF:33
LH:33
BRDA:20,0,0,1
BRDA:32,1,0,3
BRDA:59,2,0,2
BRF:3
BRH:3
end_of_record
TN:
SF:src\middleware\expense.ts
FN:13,(anonymous_1)
FN:20,(anonymous_2)
FN:25,(anonymous_3)
FN:28,(anonymous_4)
FN:38,(anonymous_5)
FNF:5
FNH:1
FNDA:0,(anonymous_1)
FNDA:0,(anonymous_2)
FNDA:0,(anonymous_3)
FNDA:0,(anonymous_4)
FNDA:3,(anonymous_5)
DA:2,2
DA:3,2
DA:13,2
DA:14,0
DA:17,0
DA:20,0
DA:22,0
DA:25,2
DA:26,0
DA:28,0
DA:31,0
DA:32,0
DA:33,0
DA:35,0
DA:38,2
DA:39,3
DA:40,3
DA:41,3
DA:42,2
DA:43,1
DA:44,1
DA:45,1
DA:47,1
DA:48,1
DA:50,1
DA:51,1
DA:52,1
LF:27
LH:17
BRDA:32,0,0,0
BRDA:42,1,0,1
BRF:2
BRH:1
end_of_record
TN:
SF:src\middleware\validation.ts
FN:4,(anonymous_0)
FNF:1
FNH:1
FNDA:25,(anonymous_0)
DA:2,1
DA:4,1
DA:5,25
DA:6,25
DA:7,8
DA:8,8
DA:10,17
LF:7
LH:7
BRDA:6,0,0,8
BRF:1
BRH:1
end_of_record
TN:
SF:src\models\Budget.ts
FN:23,(anonymous_3)
FN:30,(anonymous_4)
FN:34,(anonymous_5)
FNF:3
FNH:3
FNDA:3,(anonymous_3)
FNDA:2,(anonymous_4)
FNDA:3,(anonymous_5)
DA:2,3
DA:3,3
DA:4,3
DA:9,3
DA:14,3
DA:20,3
DA:23,3
DA:27,3
DA:30,2
DA:31,3
DA:34,3
DA:35,3
DA:37,3
LF:13
LH:13
BRDA:35,0,0,2
BRDA:35,0,1,1
BRDA:35,1,0,3
BRDA:35,1,1,3
BRF:4
BRH:4
end_of_record
TN:
SF:src\models\Expense.ts
FN:22,(anonymous_3)
FN:25,(anonymous_4)
FNF:2
FNH:2
FNDA:2,(anonymous_3)
FNDA:2,(anonymous_4)
DA:2,3
DA:3,3
DA:8,3
DA:13,3
DA:19,3
DA:22,2
DA:23,3
DA:25,2
DA:26,3
DA:28,3
LF:10
LH:10
BRDA:26,0,0,0
BRDA:26,0,1,3
BRDA:26,1,0,3
BRDA:26,1,1,1
BRF:4
BRH:3
end_of_record
TN:
SF:src\models\User.ts
FN:39,(anonymous_3)
FNF:1
FNH:1
FNDA:2,(anonymous_3)
DA:1,3
DA:2,3
DA:7,3
DA:12,3
DA:18,3
DA:25,3
DA:30,3
DA:36,3
DA:39,2
DA:43,3
DA:45,3
LF:11
LH:11
BRF:0
BRH:0
end_of_record
TN:
SF:src\routes\authRouter.ts
FNF:0
FNH:0
DA:1,1
DA:2,1
DA:3,1
DA:4,1
DA:5,1
DA:6,1
DA:8,1
DA:10,1
DA:12,1
DA:20,1
DA:28,1
DA:35,1
DA:41,1
DA:50,1
DA:61,1
DA:66,1
DA:74,1
DA:80,1
LF:18
LH:18
BRF:0
BRH:0
end_of_record
TN:
SF:src\routes\budgetRouter.ts
FNF:0
FNH:0
DA:1,1
DA:2,1
DA:3,1
DA:4,1
DA:5,1
DA:6,1
DA:7,1
DA:9,1
DA:12,1
DA:15,1
DA:16,1
DA:17,1
DA:20,1
DA:21,1
DA:24,1
DA:25,1
DA:26,1
DA:27,1
DA:28,1
DA:31,1
DA:32,1
DA:33,1
DA:34,1
DA:36,1
LF:24
LH:24
BRF:0
BRH:0
end_of_record
TN:
SF:src\test\mocks\budgets.ts
FNF:0
FNH:0
DA:1,3
LF:1
LH:1
BRF:0
BRH:0
end_of_record
TN:
SF:src\test\mocks\expense.ts
FNF:0
FNH:0
DA:1,2
LF:1
LH:1
BRF:0
BRH:0
end_of_record
TN:
SF:src\utils\auth.ts
FN:2,(anonymous_1)
FN:8,(anonymous_2)
FNF:2
FNH:2
FNDA:1,(anonymous_1)
FNDA:5,(anonymous_2)
DA:1,2
DA:2,2
DA:3,1
DA:4,1
DA:5,1
DA:8,2
DA:9,5
LF:7
LH:7
BRF:0
BRH:0
end_of_record
TN:
SF:src\utils\jwt.ts
FN:3,(anonymous_1)
FNF:1
FNH:1
FNDA:5,(anonymous_1)
DA:1,2
DA:3,2
DA:4,5
DA:7,5
LF:4
LH:4
BRF:0
BRH:0
end_of_record
TN:
SF:src\utils\token.ts
FN:1,(anonymous_0)
FNF:1
FNH:1
FNDA:1,(anonymous_0)
DA:1,2
LF:1
LH:1
BRF:0
BRH:0
end_of_record
